[ 2016-09-12T14:15:28+08:00 ] 127.0.0.1 /ThinkPHP_3.2/
INFO: [ app_init ] --START--
INFO: [ app_init ] --END-- [ RunTime:0.000407s ]
INFO: [ app_begin ] --START--
INFO: Run Behavior\ReadHtmlCache [ RunTime:0.001016s ]
INFO: [ app_begin ] --END-- [ RunTime:0.002118s ]
INFO: [ action_begin ] --START--
INFO: [ action_begin ] --END-- [ RunTime:0.000561s ]
INFO: [ view_begin ] --START--
INFO: [ view_begin ] --END-- [ RunTime:0.000505s ]
INFO: [ view_parse ] --START--
INFO: [ template_filter ] --START--
INFO: Run Behavior\ContentReplace [ RunTime:0.001202s ]
INFO: [ template_filter ] --END-- [ RunTime:0.003781s ]
INFO: Run Behavior\ParseTemplate [ RunTime:0.021709s ]
INFO: [ view_parse ] --END-- [ RunTime:0.022988s ]
INFO: [ view_filter ] --START--
INFO: Run Behavior\WriteHtmlCache [ RunTime:0.000311s ]
INFO: [ view_filter ] --END-- [ RunTime:0.001420s ]
INFO: [ view_end ] --START--
INFO: [ view_end ] --END-- [ RunTime:0.000512s ]
INFO: [ app_end ] --START--
INFO: Run Behavior\ShowPageTrace [ RunTime:0.000908s ]
INFO: [ app_end ] --END-- [ RunTime:0.001962s ]

[ 2016-09-12T14:22:27+08:00 ] 127.0.0.1 /ThinkPHP_3.2/index.php/home/user/login
INFO: [ app_init ] --START--
INFO: [ app_init ] --END-- [ RunTime:0.001034s ]
INFO: [ path_info ] --START--
INFO: [ path_info ] --END-- [ RunTime:0.000527s ]
INFO: [ app_begin ] --START--
INFO: Run Behavior\ReadHtmlCache [ RunTime:0.001011s ]
INFO: [ app_begin ] --END-- [ RunTime:0.002093s ]
ERR: 无法加载控制器:user

[ 2016-09-12T14:22:40+08:00 ] 127.0.0.1 /ThinkPHP_3.2/index.php?s=/home/user/login
INFO: [ app_init ] --START--
INFO: [ app_init ] --END-- [ RunTime:0.000868s ]
INFO: [ path_info ] --START--
INFO: [ path_info ] --END-- [ RunTime:0.000550s ]
INFO: [ app_begin ] --START--
INFO: Run Behavior\ReadHtmlCache [ RunTime:0.001183s ]
INFO: [ app_begin ] --END-- [ RunTime:0.003450s ]
ERR: 无法加载控制器:user

[ 2016-09-12T14:25:11+08:00 ] 127.0.0.1 /ThinkPHP_3.2/index.php?s=/home/User/login
INFO: [ app_init ] --START--
INFO: [ app_init ] --END-- [ RunTime:0.000785s ]
INFO: [ path_info ] --START--
INFO: [ path_info ] --END-- [ RunTime:0.000515s ]
INFO: [ app_begin ] --START--
INFO: Run Behavior\ReadHtmlCache [ RunTime:0.001103s ]
INFO: [ app_begin ] --END-- [ RunTime:0.002362s ]
ERR: 无法加载控制器:User

[ 2016-09-12T14:26:17+08:00 ] 127.0.0.1 /ThinkPHP_3.2/index.php/Home/Index
INFO: [ app_init ] --START--
INFO: [ app_init ] --END-- [ RunTime:0.000683s ]
INFO: [ path_info ] --START--
INFO: [ path_info ] --END-- [ RunTime:0.000610s ]
INFO: [ app_begin ] --START--
INFO: Run Behavior\ReadHtmlCache [ RunTime:0.001038s ]
INFO: [ app_begin ] --END-- [ RunTime:0.002173s ]
INFO: [ action_begin ] --START--
INFO: [ action_begin ] --END-- [ RunTime:0.000519s ]
INFO: [ view_begin ] --START--
INFO: [ view_begin ] --END-- [ RunTime:0.000527s ]
INFO: [ view_parse ] --START--
INFO: Run Behavior\ParseTemplate [ RunTime:0.009836s ]
INFO: [ view_parse ] --END-- [ RunTime:0.011128s ]
INFO: [ view_filter ] --START--
INFO: Run Behavior\WriteHtmlCache [ RunTime:0.000285s ]
INFO: [ view_filter ] --END-- [ RunTime:0.001354s ]
INFO: [ view_end ] --START--
INFO: [ view_end ] --END-- [ RunTime:0.000529s ]
INFO: [ app_end ] --START--
INFO: Run Behavior\ShowPageTrace [ RunTime:0.001959s ]
INFO: [ app_end ] --END-- [ RunTime:0.003488s ]

[ 2016-09-12T14:26:25+08:00 ] 127.0.0.1 /ThinkPHP_3.2/index.php/Home/User/login
INFO: [ app_init ] --START--
INFO: [ app_init ] --END-- [ RunTime:0.001103s ]
INFO: [ path_info ] --START--
INFO: [ path_info ] --END-- [ RunTime:0.000581s ]
INFO: [ app_begin ] --START--
INFO: Run Behavior\ReadHtmlCache [ RunTime:0.001097s ]
INFO: [ app_begin ] --END-- [ RunTime:0.002258s ]
INFO: [ action_begin ] --START--
INFO: [ action_begin ] --END-- [ RunTime:0.000574s ]
INFO: [ app_end ] --START--
INFO: Run Behavior\ShowPageTrace [ RunTime:0.000843s ]
INFO: [ app_end ] --END-- [ RunTime:0.001910s ]

[ 2016-09-12T14:26:41+08:00 ] 127.0.0.1 /ThinkPHP_3.2/index.php/Home/user/login
INFO: [ app_init ] --START--
INFO: [ app_init ] --END-- [ RunTime:0.001170s ]
INFO: [ path_info ] --START--
INFO: [ path_info ] --END-- [ RunTime:0.000977s ]
INFO: [ app_begin ] --START--
INFO: Run Behavior\ReadHtmlCache [ RunTime:0.001041s ]
INFO: [ app_begin ] --END-- [ RunTime:0.002237s ]
INFO: [ action_begin ] --START--
INFO: [ action_begin ] --END-- [ RunTime:0.001163s ]
INFO: [ app_end ] --START--
INFO: Run Behavior\ShowPageTrace [ RunTime:0.000893s ]
INFO: [ app_end ] --END-- [ RunTime:0.002026s ]

[ 2016-09-12T14:26:47+08:00 ] 127.0.0.1 /ThinkPHP_3.2/index.php/home/user/login
INFO: [ app_init ] --START--
INFO: [ app_init ] --END-- [ RunTime:0.000607s ]
INFO: [ path_info ] --START--
INFO: [ path_info ] --END-- [ RunTime:0.000540s ]
INFO: [ app_begin ] --START--
INFO: Run Behavior\ReadHtmlCache [ RunTime:0.001050s ]
INFO: [ app_begin ] --END-- [ RunTime:0.002122s ]
ERR: 无法加载控制器:user

[ 2016-09-12T14:26:54+08:00 ] 127.0.0.1 /ThinkPHP_3.2/index.php/Home/user/login
INFO: [ app_init ] --START--
INFO: [ app_init ] --END-- [ RunTime:0.000705s ]
INFO: [ path_info ] --START--
INFO: [ path_info ] --END-- [ RunTime:0.001122s ]
INFO: [ app_begin ] --START--
INFO: Run Behavior\ReadHtmlCache [ RunTime:0.001036s ]
INFO: [ app_begin ] --END-- [ RunTime:0.002169s ]
INFO: [ action_begin ] --START--
INFO: [ action_begin ] --END-- [ RunTime:0.000552s ]
INFO: [ app_end ] --START--
INFO: Run Behavior\ShowPageTrace [ RunTime:0.000845s ]
INFO: [ app_end ] --END-- [ RunTime:0.002236s ]

[ 2016-09-12T14:33:42+08:00 ] 127.0.0.1 /ThinkPHP_3.2/login
INFO: [ app_init ] --START--
INFO: [ app_init ] --END-- [ RunTime:0.003070s ]
INFO: [ path_info ] --START--
INFO: [ path_info ] --END-- [ RunTime:0.000582s ]
INFO: [ app_begin ] --START--
INFO: Run Behavior\ReadHtmlCache [ RunTime:0.001136s ]
INFO: [ app_begin ] --END-- [ RunTime:0.002455s ]
INFO: [ action_begin ] --START--
INFO: [ action_begin ] --END-- [ RunTime:0.000963s ]
INFO: [ app_end ] --START--
INFO: Run Behavior\ShowPageTrace [ RunTime:0.002275s ]
INFO: [ app_end ] --END-- [ RunTime:0.004351s ]

[ 2016-09-12T15:04:14+08:00 ] 127.0.0.1 /ThinkPHP_3.2/index.php/Home/user/login?account=18601923117
INFO: [ app_init ] --START--
INFO: [ app_init ] --END-- [ RunTime:0.001852s ]
INFO: [ path_info ] --START--
INFO: [ path_info ] --END-- [ RunTime:0.001725s ]
INFO: [ app_begin ] --START--
INFO: Run Behavior\ReadHtmlCache [ RunTime:0.001551s ]
INFO: [ app_begin ] --END-- [ RunTime:0.002920s ]
INFO: [ action_begin ] --START--
INFO: [ action_begin ] --END-- [ RunTime:0.000678s ]
ERR: 没有定义数据库配置

[ 2016-09-12T15:06:02+08:00 ] 127.0.0.1 /ThinkPHP_3.2/index.php/Home/user/login?account=18601923117
INFO: [ app_init ] --START--
INFO: [ app_init ] --END-- [ RunTime:0.000556s ]
INFO: [ path_info ] --START--
INFO: [ path_info ] --END-- [ RunTime:0.001015s ]
INFO: [ app_begin ] --START--
INFO: Run Behavior\ReadHtmlCache [ RunTime:0.001046s ]
INFO: [ app_begin ] --END-- [ RunTime:0.002117s ]
INFO: [ action_begin ] --START--
INFO: [ action_begin ] --END-- [ RunTime:0.000518s ]
ERR: 没有定义数据库配置

[ 2016-09-12T15:06:03+08:00 ] 127.0.0.1 /ThinkPHP_3.2/index.php/Home/user/login?account=18601923117
INFO: [ app_init ] --START--
INFO: [ app_init ] --END-- [ RunTime:0.000734s ]
INFO: [ path_info ] --START--
INFO: [ path_info ] --END-- [ RunTime:0.000519s ]
INFO: [ app_begin ] --START--
INFO: Run Behavior\ReadHtmlCache [ RunTime:0.001621s ]
INFO: [ app_begin ] --END-- [ RunTime:0.003313s ]
INFO: [ action_begin ] --START--
INFO: [ action_begin ] --END-- [ RunTime:0.000496s ]
ERR: 没有定义数据库配置

[ 2016-09-12T15:06:08+08:00 ] 127.0.0.1 /ThinkPHP_3.2/index.php/Home/user/login
INFO: [ app_init ] --START--
INFO: [ app_init ] --END-- [ RunTime:0.000605s ]
INFO: [ path_info ] --START--
INFO: [ path_info ] --END-- [ RunTime:0.000514s ]
INFO: [ app_begin ] --START--
INFO: Run Behavior\ReadHtmlCache [ RunTime:0.001543s ]
INFO: [ app_begin ] --END-- [ RunTime:0.002715s ]
INFO: [ action_begin ] --START--
INFO: [ action_begin ] --END-- [ RunTime:0.000534s ]
ERR: 没有定义数据库配置

[ 2016-09-12T15:06:12+08:00 ] 127.0.0.1 /ThinkPHP_3.2/index.php/Home/user/login
INFO: [ app_init ] --START--
INFO: [ app_init ] --END-- [ RunTime:0.000647s ]
INFO: [ path_info ] --START--
INFO: [ path_info ] --END-- [ RunTime:0.001534s ]
INFO: [ app_begin ] --START--
INFO: Run Behavior\ReadHtmlCache [ RunTime:0.000975s ]
INFO: [ app_begin ] --END-- [ RunTime:0.002111s ]
INFO: [ action_begin ] --START--
INFO: [ action_begin ] --END-- [ RunTime:0.000732s ]
ERR: 没有定义数据库配置

[ 2016-09-12T15:06:13+08:00 ] 127.0.0.1 /ThinkPHP_3.2/index.php/Home/user/login
INFO: [ app_init ] --START--
INFO: [ app_init ] --END-- [ RunTime:0.000622s ]
INFO: [ path_info ] --START--
INFO: [ path_info ] --END-- [ RunTime:0.000595s ]
INFO: [ app_begin ] --START--
INFO: Run Behavior\ReadHtmlCache [ RunTime:0.001006s ]
INFO: [ app_begin ] --END-- [ RunTime:0.002153s ]
INFO: [ action_begin ] --START--
INFO: [ action_begin ] --END-- [ RunTime:0.000518s ]
ERR: 没有定义数据库配置

[ 2016-09-12T15:06:13+08:00 ] 127.0.0.1 /ThinkPHP_3.2/index.php/Home/user/login
INFO: [ app_init ] --START--
INFO: [ app_init ] --END-- [ RunTime:0.000588s ]
INFO: [ path_info ] --START--
INFO: [ path_info ] --END-- [ RunTime:0.000759s ]
INFO: [ app_begin ] --START--
INFO: Run Behavior\ReadHtmlCache [ RunTime:0.001370s ]
INFO: [ app_begin ] --END-- [ RunTime:0.002747s ]
INFO: [ action_begin ] --START--
INFO: [ action_begin ] --END-- [ RunTime:0.000580s ]
ERR: 没有定义数据库配置

[ 2016-09-12T15:06:13+08:00 ] 127.0.0.1 /ThinkPHP_3.2/index.php/Home/user/login
INFO: [ app_init ] --START--
INFO: [ app_init ] --END-- [ RunTime:0.000891s ]
INFO: [ path_info ] --START--
INFO: [ path_info ] --END-- [ RunTime:0.000558s ]
INFO: [ app_begin ] --START--
INFO: Run Behavior\ReadHtmlCache [ RunTime:0.001205s ]
INFO: [ app_begin ] --END-- [ RunTime:0.002313s ]
INFO: [ action_begin ] --START--
INFO: [ action_begin ] --END-- [ RunTime:0.000924s ]
ERR: 没有定义数据库配置

[ 2016-09-12T15:06:13+08:00 ] 127.0.0.1 /ThinkPHP_3.2/index.php/Home/user/login
INFO: [ app_init ] --START--
INFO: [ app_init ] --END-- [ RunTime:0.000597s ]
INFO: [ path_info ] --START--
INFO: [ path_info ] --END-- [ RunTime:0.000557s ]
INFO: [ app_begin ] --START--
INFO: Run Behavior\ReadHtmlCache [ RunTime:0.002401s ]
INFO: [ app_begin ] --END-- [ RunTime:0.004298s ]
INFO: [ action_begin ] --START--
INFO: [ action_begin ] --END-- [ RunTime:0.000585s ]
ERR: 没有定义数据库配置

[ 2016-09-12T15:06:14+08:00 ] 127.0.0.1 /ThinkPHP_3.2/index.php/Home/user/login
INFO: [ app_init ] --START--
INFO: [ app_init ] --END-- [ RunTime:0.000547s ]
INFO: [ path_info ] --START--
INFO: [ path_info ] --END-- [ RunTime:0.000518s ]
INFO: [ app_begin ] --START--
INFO: Run Behavior\ReadHtmlCache [ RunTime:0.001298s ]
INFO: [ app_begin ] --END-- [ RunTime:0.002812s ]
INFO: [ action_begin ] --START--
INFO: [ action_begin ] --END-- [ RunTime:0.000578s ]
ERR: 没有定义数据库配置

[ 2016-09-12T15:07:11+08:00 ] 127.0.0.1 /ThinkPHP_3.2/index.php/Home/user/login
INFO: [ app_init ] --START--
INFO: [ app_init ] --END-- [ RunTime:0.000618s ]
INFO: [ path_info ] --START--
INFO: [ path_info ] --END-- [ RunTime:0.000847s ]
INFO: [ app_begin ] --START--
INFO: Run Behavior\ReadHtmlCache [ RunTime:0.001046s ]
INFO: [ app_begin ] --END-- [ RunTime:0.002249s ]
INFO: [ action_begin ] --START--
INFO: [ action_begin ] --END-- [ RunTime:0.000560s ]
NOTIC: [8192] mysql_connect(): The mysql extension is deprecated and will be removed in the future: use mysqli or PDO instead D:\Applications\soft\service\WWW\ThinkPHP_3.2\ThinkPHP\Library\Think\Db\Driver\Mysql.class.php 第 52 行.
SQL: SHOW COLUMNS FROM `user` [ RunTime:0.047261s ]
SQL: SHOW COLUMNS FROM `user` [ RunTime:0.004251s ]
SQL: SELECT * FROM `user` INNER JOIN user_profile ON user.id = user_profile.id WHERE ( user.nickname= OR user.email= OR user_profile.mobile= )  [ RunTime:0.000447s ]
ERR: 1064:You have an error in your SQL syntax; check the manual that corresponds to your MySQL server version for the right syntax to use near 'OR user.email= OR user_profile.mobile= )' at line 1
 [ SQL语句 ] : SELECT * FROM `user` INNER JOIN user_profile ON user.id = user_profile.id WHERE ( user.nickname= OR user.email= OR user_profile.mobile= ) 
INFO: [ app_end ] --START--
INFO: Run Behavior\ShowPageTrace [ RunTime:0.000941s ]
INFO: [ app_end ] --END-- [ RunTime:0.002262s ]

[ 2016-09-12T15:07:29+08:00 ] 127.0.0.1 /ThinkPHP_3.2/index.php/Home/user/login?account=18601923117
INFO: [ app_init ] --START--
INFO: [ app_init ] --END-- [ RunTime:0.000570s ]
INFO: [ path_info ] --START--
INFO: [ path_info ] --END-- [ RunTime:0.000526s ]
INFO: [ app_begin ] --START--
INFO: Run Behavior\ReadHtmlCache [ RunTime:0.001307s ]
INFO: [ app_begin ] --END-- [ RunTime:0.002806s ]
INFO: [ action_begin ] --START--
INFO: [ action_begin ] --END-- [ RunTime:0.000523s ]
NOTIC: [8192] mysql_connect(): The mysql extension is deprecated and will be removed in the future: use mysqli or PDO instead D:\Applications\soft\service\WWW\ThinkPHP_3.2\ThinkPHP\Library\Think\Db\Driver\Mysql.class.php 第 52 行.
SQL: SHOW COLUMNS FROM `user` [ RunTime:0.011370s ]
SQL: SHOW COLUMNS FROM `user` [ RunTime:0.052836s ]
SQL: SELECT * FROM `user` INNER JOIN user_profile ON user.id = user_profile.id WHERE ( user.nickname=18601923117 OR user.email=18601923117 OR user_profile.mobile=18601923117 )  [ RunTime:0.090446s ]
INFO: [ app_end ] --START--
INFO: Run Behavior\ShowPageTrace [ RunTime:0.000834s ]
INFO: [ app_end ] --END-- [ RunTime:0.001926s ]

[ 2016-09-12T15:07:56+08:00 ] 127.0.0.1 /ThinkPHP_3.2/index.php/Home/user/login?account=hehe
INFO: [ app_init ] --START--
INFO: [ app_init ] --END-- [ RunTime:0.000592s ]
INFO: [ path_info ] --START--
INFO: [ path_info ] --END-- [ RunTime:0.000537s ]
INFO: [ app_begin ] --START--
INFO: Run Behavior\ReadHtmlCache [ RunTime:0.001031s ]
INFO: [ app_begin ] --END-- [ RunTime:0.002123s ]
INFO: [ action_begin ] --START--
INFO: [ action_begin ] --END-- [ RunTime:0.001018s ]
NOTIC: [8192] mysql_connect(): The mysql extension is deprecated and will be removed in the future: use mysqli or PDO instead D:\Applications\soft\service\WWW\ThinkPHP_3.2\ThinkPHP\Library\Think\Db\Driver\Mysql.class.php 第 52 行.
SQL: SHOW COLUMNS FROM `user` [ RunTime:0.051386s ]
SQL: SHOW COLUMNS FROM `user` [ RunTime:0.009513s ]
SQL: SELECT * FROM `user` INNER JOIN user_profile ON user.id = user_profile.id WHERE ( user.nickname=hehe OR user.email=hehe OR user_profile.mobile=hehe )  [ RunTime:0.000479s ]
ERR: 1054:Unknown column 'hehe' in 'where clause'
 [ SQL语句 ] : SELECT * FROM `user` INNER JOIN user_profile ON user.id = user_profile.id WHERE ( user.nickname=hehe OR user.email=hehe OR user_profile.mobile=hehe ) 
INFO: [ app_end ] --START--
INFO: Run Behavior\ShowPageTrace [ RunTime:0.000872s ]
INFO: [ app_end ] --END-- [ RunTime:0.001925s ]

[ 2016-09-12T15:08:23+08:00 ] 127.0.0.1 /ThinkPHP_3.2/index.php/Home/user/login?account=hehe&password=123
INFO: [ app_init ] --START--
INFO: [ app_init ] --END-- [ RunTime:0.001344s ]
INFO: [ path_info ] --START--
INFO: [ path_info ] --END-- [ RunTime:0.000573s ]
INFO: [ app_begin ] --START--
INFO: Run Behavior\ReadHtmlCache [ RunTime:0.001061s ]
INFO: [ app_begin ] --END-- [ RunTime:0.002186s ]
INFO: [ action_begin ] --START--
INFO: [ action_begin ] --END-- [ RunTime:0.001480s ]
NOTIC: [8192] mysql_connect(): The mysql extension is deprecated and will be removed in the future: use mysqli or PDO instead D:\Applications\soft\service\WWW\ThinkPHP_3.2\ThinkPHP\Library\Think\Db\Driver\Mysql.class.php 第 52 行.
SQL: SHOW COLUMNS FROM `user` [ RunTime:0.007285s ]
SQL: SHOW COLUMNS FROM `user` [ RunTime:0.004242s ]
SQL: SELECT * FROM `user` INNER JOIN user_profile ON user.id = user_profile.id WHERE ( user.nickname=hehe OR user.email=hehe OR user_profile.mobile=hehe )  [ RunTime:0.000513s ]
ERR: 1054:Unknown column 'hehe' in 'where clause'
 [ SQL语句 ] : SELECT * FROM `user` INNER JOIN user_profile ON user.id = user_profile.id WHERE ( user.nickname=hehe OR user.email=hehe OR user_profile.mobile=hehe ) 
INFO: [ app_end ] --START--
INFO: Run Behavior\ShowPageTrace [ RunTime:0.000851s ]
INFO: [ app_end ] --END-- [ RunTime:0.001992s ]

[ 2016-09-12T15:09:45+08:00 ] 127.0.0.1 /ThinkPHP_3.2/index.php/Home/user/login?account=hehe&password=123
INFO: [ app_init ] --START--
INFO: [ app_init ] --END-- [ RunTime:0.000662s ]
INFO: [ path_info ] --START--
INFO: [ path_info ] --END-- [ RunTime:0.000828s ]
INFO: [ app_begin ] --START--
INFO: Run Behavior\ReadHtmlCache [ RunTime:0.001101s ]
INFO: [ app_begin ] --END-- [ RunTime:0.002133s ]
INFO: [ action_begin ] --START--
INFO: [ action_begin ] --END-- [ RunTime:0.000562s ]
NOTIC: [8192] mysql_connect(): The mysql extension is deprecated and will be removed in the future: use mysqli or PDO instead D:\Applications\soft\service\WWW\ThinkPHP_3.2\ThinkPHP\Library\Think\Db\Driver\Mysql.class.php 第 52 行.
SQL: SHOW COLUMNS FROM `user` [ RunTime:0.007413s ]
SQL: SHOW COLUMNS FROM `user` [ RunTime:0.004035s ]
SQL: SELECT * FROM `user` INNER JOIN user_profile ON user.id = user_profile.id WHERE ( user.nickname=hehe OR user.email=hehe OR user_profile.mobile=hehe )  [ RunTime:0.000494s ]
ERR: 1054:Unknown column 'hehe' in 'where clause'
 [ SQL语句 ] : SELECT * FROM `user` INNER JOIN user_profile ON user.id = user_profile.id WHERE ( user.nickname=hehe OR user.email=hehe OR user_profile.mobile=hehe ) 
INFO: [ app_end ] --START--
INFO: Run Behavior\ShowPageTrace [ RunTime:0.001300s ]
INFO: [ app_end ] --END-- [ RunTime:0.002858s ]

[ 2016-09-12T15:11:07+08:00 ] 127.0.0.1 /ThinkPHP_3.2/index.php/Home/user/login?account=hehe&password=123
INFO: [ app_init ] --START--
INFO: [ app_init ] --END-- [ RunTime:0.000651s ]
INFO: [ path_info ] --START--
INFO: [ path_info ] --END-- [ RunTime:0.000674s ]
INFO: [ app_begin ] --START--
INFO: Run Behavior\ReadHtmlCache [ RunTime:0.001551s ]
INFO: [ app_begin ] --END-- [ RunTime:0.002951s ]
INFO: [ action_begin ] --START--
INFO: [ action_begin ] --END-- [ RunTime:0.000493s ]
NOTIC: [8192] mysql_connect(): The mysql extension is deprecated and will be removed in the future: use mysqli or PDO instead D:\Applications\soft\service\WWW\ThinkPHP_3.2\ThinkPHP\Library\Think\Db\Driver\Mysql.class.php 第 52 行.
SQL: SHOW COLUMNS FROM `user` [ RunTime:0.004935s ]
SQL: SHOW COLUMNS FROM `user` [ RunTime:0.004754s ]

[ 2016-09-12T15:11:52+08:00 ] 127.0.0.1 /ThinkPHP_3.2/index.php/Home/user/login?account=hehe&password=123
INFO: [ app_init ] --START--
INFO: [ app_init ] --END-- [ RunTime:0.000637s ]
INFO: [ path_info ] --START--
INFO: [ path_info ] --END-- [ RunTime:0.000504s ]
INFO: [ app_begin ] --START--
INFO: Run Behavior\ReadHtmlCache [ RunTime:0.001845s ]
INFO: [ app_begin ] --END-- [ RunTime:0.003130s ]
INFO: [ action_begin ] --START--
INFO: [ action_begin ] --END-- [ RunTime:0.000495s ]
NOTIC: [8192] mysql_connect(): The mysql extension is deprecated and will be removed in the future: use mysqli or PDO instead D:\Applications\soft\service\WWW\ThinkPHP_3.2\ThinkPHP\Library\Think\Db\Driver\Mysql.class.php 第 52 行.
SQL: SHOW COLUMNS FROM `user` [ RunTime:0.004743s ]
SQL: SHOW COLUMNS FROM `user` [ RunTime:0.004535s ]
SQL: SELECT * FROM `user` INNER JOIN user_profile ON user.id = user_profile.id WHERE ( user.nickname=hehe OR user.email=hehe OR user_profile.mobile=hehe )  [ RunTime:0.000687s ]
ERR: 1054:Unknown column 'hehe' in 'where clause'
 [ SQL语句 ] : SELECT * FROM `user` INNER JOIN user_profile ON user.id = user_profile.id WHERE ( user.nickname=hehe OR user.email=hehe OR user_profile.mobile=hehe ) 

[ 2016-09-12T15:13:47+08:00 ] 127.0.0.1 /ThinkPHP_3.2/index.php/Home/user/login?account=hehe&password=123
INFO: [ app_init ] --START--
INFO: [ app_init ] --END-- [ RunTime:0.000547s ]
INFO: [ path_info ] --START--
INFO: [ path_info ] --END-- [ RunTime:0.001163s ]
INFO: [ app_begin ] --START--
INFO: Run Behavior\ReadHtmlCache [ RunTime:0.001046s ]
INFO: [ app_begin ] --END-- [ RunTime:0.002106s ]
INFO: [ action_begin ] --START--
INFO: [ action_begin ] --END-- [ RunTime:0.000588s ]
NOTIC: [8192] mysql_connect(): The mysql extension is deprecated and will be removed in the future: use mysqli or PDO instead D:\Applications\soft\service\WWW\ThinkPHP_3.2\ThinkPHP\Library\Think\Db\Driver\Mysql.class.php 第 52 行.
SQL: SHOW COLUMNS FROM `user` [ RunTime:0.004534s ]
SQL: SHOW COLUMNS FROM `user` [ RunTime:0.004863s ]
SQL: SELECT * FROM `user` INNER JOIN user_profile ON user.id = user_profile.id WHERE ( user.nickname=hehe OR user.email=hehe OR user_profile.mobile=hehe )  [ RunTime:0.000478s ]
ERR: 1054:Unknown column 'hehe' in 'where clause'
 [ SQL语句 ] : SELECT * FROM `user` INNER JOIN user_profile ON user.id = user_profile.id WHERE ( user.nickname=hehe OR user.email=hehe OR user_profile.mobile=hehe ) 
SQL: SELECT * FROM `user` WHERE ( user.nickname=hehe )  [ RunTime:0.000458s ]
ERR: 1054:Unknown column 'hehe' in 'where clause'
 [ SQL语句 ] : SELECT * FROM `user` WHERE ( user.nickname=hehe ) 
INFO: [ app_end ] --START--
INFO: Run Behavior\ShowPageTrace [ RunTime:0.001191s ]
INFO: [ app_end ] --END-- [ RunTime:0.002472s ]

[ 2016-09-12T15:13:49+08:00 ] 127.0.0.1 /ThinkPHP_3.2/index.php/Home/user/login?account=hehe&password=123
INFO: [ app_init ] --START--
INFO: [ app_init ] --END-- [ RunTime:0.000829s ]
INFO: [ path_info ] --START--
INFO: [ path_info ] --END-- [ RunTime:0.000526s ]
INFO: [ app_begin ] --START--
INFO: Run Behavior\ReadHtmlCache [ RunTime:0.001046s ]
INFO: [ app_begin ] --END-- [ RunTime:0.002148s ]
INFO: [ action_begin ] --START--
INFO: [ action_begin ] --END-- [ RunTime:0.000503s ]
NOTIC: [8192] mysql_connect(): The mysql extension is deprecated and will be removed in the future: use mysqli or PDO instead D:\Applications\soft\service\WWW\ThinkPHP_3.2\ThinkPHP\Library\Think\Db\Driver\Mysql.class.php 第 52 行.
SQL: SHOW COLUMNS FROM `user` [ RunTime:0.004949s ]
SQL: SHOW COLUMNS FROM `user` [ RunTime:0.005358s ]
SQL: SELECT * FROM `user` INNER JOIN user_profile ON user.id = user_profile.id WHERE ( user.nickname=hehe OR user.email=hehe OR user_profile.mobile=hehe )  [ RunTime:0.000487s ]
ERR: 1054:Unknown column 'hehe' in 'where clause'
 [ SQL语句 ] : SELECT * FROM `user` INNER JOIN user_profile ON user.id = user_profile.id WHERE ( user.nickname=hehe OR user.email=hehe OR user_profile.mobile=hehe ) 
SQL: SELECT * FROM `user` WHERE ( user.nickname=hehe )  [ RunTime:0.000431s ]
ERR: 1054:Unknown column 'hehe' in 'where clause'
 [ SQL语句 ] : SELECT * FROM `user` WHERE ( user.nickname=hehe ) 
INFO: [ app_end ] --START--
INFO: Run Behavior\ShowPageTrace [ RunTime:0.000848s ]
INFO: [ app_end ] --END-- [ RunTime:0.001917s ]

[ 2016-09-12T15:13:59+08:00 ] 127.0.0.1 /ThinkPHP_3.2/index.php/Home/user/login?account=hehe&password=123
INFO: [ app_init ] --START--
INFO: [ app_init ] --END-- [ RunTime:0.000958s ]
INFO: [ path_info ] --START--
INFO: [ path_info ] --END-- [ RunTime:0.000550s ]
INFO: [ app_begin ] --START--
INFO: Run Behavior\ReadHtmlCache [ RunTime:0.001042s ]
INFO: [ app_begin ] --END-- [ RunTime:0.002130s ]
INFO: [ action_begin ] --START--
INFO: [ action_begin ] --END-- [ RunTime:0.000790s ]
NOTIC: [8192] mysql_connect(): The mysql extension is deprecated and will be removed in the future: use mysqli or PDO instead D:\Applications\soft\service\WWW\ThinkPHP_3.2\ThinkPHP\Library\Think\Db\Driver\Mysql.class.php 第 52 行.
SQL: SHOW COLUMNS FROM `user` [ RunTime:0.004563s ]
SQL: SHOW COLUMNS FROM `user` [ RunTime:0.009075s ]
SQL: SELECT * FROM `user` INNER JOIN user_profile ON user.id = user_profile.id WHERE ( user.nickname=hehe OR user.email=hehe OR user_profile.mobile=hehe )  [ RunTime:0.000790s ]
ERR: 1054:Unknown column 'hehe' in 'where clause'
 [ SQL语句 ] : SELECT * FROM `user` INNER JOIN user_profile ON user.id = user_profile.id WHERE ( user.nickname=hehe OR user.email=hehe OR user_profile.mobile=hehe ) 
SQL: SELECT * FROM `user` WHERE ( user.nickname=hehe )  [ RunTime:0.000415s ]
ERR: 1054:Unknown column 'hehe' in 'where clause'
 [ SQL语句 ] : SELECT * FROM `user` WHERE ( user.nickname=hehe ) 
INFO: [ app_end ] --START--
INFO: Run Behavior\ShowPageTrace [ RunTime:0.000839s ]
INFO: [ app_end ] --END-- [ RunTime:0.001886s ]

[ 2016-09-12T15:15:29+08:00 ] 127.0.0.1 /ThinkPHP_3.2/index.php/Home/user/login?account=hehe&password=123
INFO: [ app_init ] --START--
INFO: [ app_init ] --END-- [ RunTime:0.002316s ]
INFO: [ path_info ] --START--
INFO: [ path_info ] --END-- [ RunTime:0.001272s ]
INFO: [ app_begin ] --START--
INFO: Run Behavior\ReadHtmlCache [ RunTime:0.001359s ]
INFO: [ app_begin ] --END-- [ RunTime:0.002830s ]
INFO: [ action_begin ] --START--
INFO: [ action_begin ] --END-- [ RunTime:0.000658s ]
NOTIC: [8192] mysql_connect(): The mysql extension is deprecated and will be removed in the future: use mysqli or PDO instead D:\Applications\soft\service\WWW\ThinkPHP_3.2\ThinkPHP\Library\Think\Db\Driver\Mysql.class.php 第 52 行.
SQL: SHOW COLUMNS FROM `user` [ RunTime:0.005969s ]
SQL: SHOW COLUMNS FROM `user` [ RunTime:0.004401s ]
SQL: SELECT * FROM `user` INNER JOIN user_profile ON user.id = user_profile.id WHERE ( user.nickname=hehe OR user.email=hehe OR user_profile.mobile=hehe )  [ RunTime:0.000504s ]
ERR: 1054:Unknown column 'hehe' in 'where clause'
 [ SQL语句 ] : SELECT * FROM `user` INNER JOIN user_profile ON user.id = user_profile.id WHERE ( user.nickname=hehe OR user.email=hehe OR user_profile.mobile=hehe ) 
SQL: SELECT * FROM `user` WHERE ( user.nickname=hehe )  [ RunTime:0.000497s ]
ERR: 1054:Unknown column 'hehe' in 'where clause'
 [ SQL语句 ] : SELECT * FROM `user` WHERE ( user.nickname=hehe ) 
INFO: [ app_end ] --START--
INFO: Run Behavior\ShowPageTrace [ RunTime:0.000837s ]
INFO: [ app_end ] --END-- [ RunTime:0.001949s ]

[ 2016-09-12T15:15:58+08:00 ] 127.0.0.1 /ThinkPHP_3.2/index.php/Home/user/login?account=hehe&password=123
INFO: [ app_init ] --START--
INFO: [ app_init ] --END-- [ RunTime:0.001197s ]
INFO: [ path_info ] --START--
INFO: [ path_info ] --END-- [ RunTime:0.000685s ]
INFO: [ app_begin ] --START--
INFO: Run Behavior\ReadHtmlCache [ RunTime:0.001016s ]
INFO: [ app_begin ] --END-- [ RunTime:0.002120s ]
INFO: [ action_begin ] --START--
INFO: [ action_begin ] --END-- [ RunTime:0.000671s ]
NOTIC: [8192] mysql_connect(): The mysql extension is deprecated and will be removed in the future: use mysqli or PDO instead D:\Applications\soft\service\WWW\ThinkPHP_3.2\ThinkPHP\Library\Think\Db\Driver\Mysql.class.php 第 52 行.
SQL: SHOW COLUMNS FROM `user` [ RunTime:0.034523s ]
SQL: SHOW COLUMNS FROM `user` [ RunTime:0.004576s ]
SQL: SELECT * FROM `user` INNER JOIN user_profile ON user.id = user_profile.id WHERE ( user.nickname=hehe OR user.email=hehe OR user_profile.mobile=hehe )  [ RunTime:0.000480s ]
ERR: 1054:Unknown column 'hehe' in 'where clause'
 [ SQL语句 ] : SELECT * FROM `user` INNER JOIN user_profile ON user.id = user_profile.id WHERE ( user.nickname=hehe OR user.email=hehe OR user_profile.mobile=hehe ) 
NOTIC: [8] Undefined variable: nickname D:\Applications\soft\service\WWW\ThinkPHP_3.2\Application\Home\Model\UserModel.class.php 第 14 行.
SQL: SELECT * FROM `user` WHERE ( user.nickname='' )  [ RunTime:0.000688s ]
INFO: [ app_end ] --START--
INFO: Run Behavior\ShowPageTrace [ RunTime:0.000877s ]
INFO: [ app_end ] --END-- [ RunTime:0.001949s ]

[ 2016-09-12T15:16:15+08:00 ] 127.0.0.1 /ThinkPHP_3.2/index.php/Home/user/login?account=hehe&password=123
INFO: [ app_init ] --START--
INFO: [ app_init ] --END-- [ RunTime:0.000684s ]
INFO: [ path_info ] --START--
INFO: [ path_info ] --END-- [ RunTime:0.000639s ]
INFO: [ app_begin ] --START--
INFO: Run Behavior\ReadHtmlCache [ RunTime:0.001911s ]
INFO: [ app_begin ] --END-- [ RunTime:0.003597s ]
INFO: [ action_begin ] --START--
INFO: [ action_begin ] --END-- [ RunTime:0.000553s ]
NOTIC: [8192] mysql_connect(): The mysql extension is deprecated and will be removed in the future: use mysqli or PDO instead D:\Applications\soft\service\WWW\ThinkPHP_3.2\ThinkPHP\Library\Think\Db\Driver\Mysql.class.php 第 52 行.
SQL: SHOW COLUMNS FROM `user` [ RunTime:0.011246s ]
SQL: SHOW COLUMNS FROM `user` [ RunTime:0.004989s ]
SQL: SELECT * FROM `user` INNER JOIN user_profile ON user.id = user_profile.id WHERE ( user.nickname=hehe OR user.email=hehe OR user_profile.mobile=hehe )  [ RunTime:0.000484s ]
ERR: 1054:Unknown column 'hehe' in 'where clause'
 [ SQL语句 ] : SELECT * FROM `user` INNER JOIN user_profile ON user.id = user_profile.id WHERE ( user.nickname=hehe OR user.email=hehe OR user_profile.mobile=hehe ) 
NOTIC: [8] Undefined variable: nickname D:\Applications\soft\service\WWW\ThinkPHP_3.2\Application\Home\Model\UserModel.class.php 第 14 行.
SQL: SELECT * FROM `user` WHERE ( user.nickname='' )  [ RunTime:0.000813s ]
INFO: [ app_end ] --START--
INFO: Run Behavior\ShowPageTrace [ RunTime:0.001740s ]
INFO: [ app_end ] --END-- [ RunTime:0.003698s ]

[ 2016-09-12T15:16:16+08:00 ] 127.0.0.1 /ThinkPHP_3.2/index.php/Home/user/login?account=hehe&password=123
INFO: [ app_init ] --START--
INFO: [ app_init ] --END-- [ RunTime:0.001153s ]
INFO: [ path_info ] --START--
INFO: [ path_info ] --END-- [ RunTime:0.000571s ]
INFO: [ app_begin ] --START--
INFO: Run Behavior\ReadHtmlCache [ RunTime:0.002185s ]
INFO: [ app_begin ] --END-- [ RunTime:0.003925s ]
INFO: [ action_begin ] --START--
INFO: [ action_begin ] --END-- [ RunTime:0.000495s ]
NOTIC: [8192] mysql_connect(): The mysql extension is deprecated and will be removed in the future: use mysqli or PDO instead D:\Applications\soft\service\WWW\ThinkPHP_3.2\ThinkPHP\Library\Think\Db\Driver\Mysql.class.php 第 52 行.
SQL: SHOW COLUMNS FROM `user` [ RunTime:0.005756s ]
SQL: SHOW COLUMNS FROM `user` [ RunTime:0.004156s ]
SQL: SELECT * FROM `user` INNER JOIN user_profile ON user.id = user_profile.id WHERE ( user.nickname=hehe OR user.email=hehe OR user_profile.mobile=hehe )  [ RunTime:0.000487s ]
ERR: 1054:Unknown column 'hehe' in 'where clause'
 [ SQL语句 ] : SELECT * FROM `user` INNER JOIN user_profile ON user.id = user_profile.id WHERE ( user.nickname=hehe OR user.email=hehe OR user_profile.mobile=hehe ) 
NOTIC: [8] Undefined variable: nickname D:\Applications\soft\service\WWW\ThinkPHP_3.2\Application\Home\Model\UserModel.class.php 第 14 行.
SQL: SELECT * FROM `user` WHERE ( user.nickname='' )  [ RunTime:0.000669s ]
INFO: [ app_end ] --START--
INFO: Run Behavior\ShowPageTrace [ RunTime:0.000868s ]
INFO: [ app_end ] --END-- [ RunTime:0.001996s ]

[ 2016-09-12T15:16:42+08:00 ] 127.0.0.1 /ThinkPHP_3.2/index.php/Home/user/login?account=hehe&password=123
INFO: [ app_init ] --START--
INFO: [ app_init ] --END-- [ RunTime:0.000819s ]
INFO: [ path_info ] --START--
INFO: [ path_info ] --END-- [ RunTime:0.000569s ]
INFO: [ app_begin ] --START--
INFO: Run Behavior\ReadHtmlCache [ RunTime:0.001554s ]
INFO: [ app_begin ] --END-- [ RunTime:0.003052s ]
INFO: [ action_begin ] --START--
INFO: [ action_begin ] --END-- [ RunTime:0.001145s ]
NOTIC: [8192] mysql_connect(): The mysql extension is deprecated and will be removed in the future: use mysqli or PDO instead D:\Applications\soft\service\WWW\ThinkPHP_3.2\ThinkPHP\Library\Think\Db\Driver\Mysql.class.php 第 52 行.
SQL: SHOW COLUMNS FROM `user` [ RunTime:0.004594s ]
SQL: SHOW COLUMNS FROM `user` [ RunTime:0.004786s ]
SQL: SELECT * FROM `user` INNER JOIN user_profile ON user.id = user_profile.id WHERE ( user.nickname=hehe OR user.email=hehe OR user_profile.mobile=hehe )  [ RunTime:0.000514s ]
ERR: 1054:Unknown column 'hehe' in 'where clause'
 [ SQL语句 ] : SELECT * FROM `user` INNER JOIN user_profile ON user.id = user_profile.id WHERE ( user.nickname=hehe OR user.email=hehe OR user_profile.mobile=hehe ) 
NOTIC: [8] Undefined variable: nickname D:\Applications\soft\service\WWW\ThinkPHP_3.2\Application\Home\Model\UserModel.class.php 第 14 行.
SQL: SELECT * FROM `user` WHERE ( user.nickname='' )  [ RunTime:0.000611s ]
INFO: [ app_end ] --START--
INFO: Run Behavior\ShowPageTrace [ RunTime:0.000880s ]
INFO: [ app_end ] --END-- [ RunTime:0.001983s ]

[ 2016-09-12T15:16:43+08:00 ] 127.0.0.1 /ThinkPHP_3.2/index.php/Home/user/login?account=hehe&password=123
INFO: [ app_init ] --START--
INFO: [ app_init ] --END-- [ RunTime:0.000581s ]
INFO: [ path_info ] --START--
INFO: [ path_info ] --END-- [ RunTime:0.000547s ]
INFO: [ app_begin ] --START--
INFO: Run Behavior\ReadHtmlCache [ RunTime:0.001034s ]
INFO: [ app_begin ] --END-- [ RunTime:0.002123s ]
INFO: [ action_begin ] --START--
INFO: [ action_begin ] --END-- [ RunTime:0.000839s ]
NOTIC: [8192] mysql_connect(): The mysql extension is deprecated and will be removed in the future: use mysqli or PDO instead D:\Applications\soft\service\WWW\ThinkPHP_3.2\ThinkPHP\Library\Think\Db\Driver\Mysql.class.php 第 52 行.
SQL: SHOW COLUMNS FROM `user` [ RunTime:0.004662s ]
SQL: SHOW COLUMNS FROM `user` [ RunTime:0.026370s ]
SQL: SELECT * FROM `user` INNER JOIN user_profile ON user.id = user_profile.id WHERE ( user.nickname=hehe OR user.email=hehe OR user_profile.mobile=hehe )  [ RunTime:0.000452s ]
ERR: 1054:Unknown column 'hehe' in 'where clause'
 [ SQL语句 ] : SELECT * FROM `user` INNER JOIN user_profile ON user.id = user_profile.id WHERE ( user.nickname=hehe OR user.email=hehe OR user_profile.mobile=hehe ) 
NOTIC: [8] Undefined variable: nickname D:\Applications\soft\service\WWW\ThinkPHP_3.2\Application\Home\Model\UserModel.class.php 第 14 行.
SQL: SELECT * FROM `user` WHERE ( user.nickname='' )  [ RunTime:0.000522s ]
INFO: [ app_end ] --START--
INFO: Run Behavior\ShowPageTrace [ RunTime:0.000812s ]
INFO: [ app_end ] --END-- [ RunTime:0.001896s ]

[ 2016-09-12T15:16:52+08:00 ] 127.0.0.1 /ThinkPHP_3.2/index.php/Home/user/login?account=hehe&password=123
INFO: [ app_init ] --START--
INFO: [ app_init ] --END-- [ RunTime:0.000551s ]
INFO: [ path_info ] --START--
INFO: [ path_info ] --END-- [ RunTime:0.000760s ]
INFO: [ app_begin ] --START--
INFO: Run Behavior\ReadHtmlCache [ RunTime:0.001552s ]
INFO: [ app_begin ] --END-- [ RunTime:0.003281s ]
INFO: [ action_begin ] --START--
INFO: [ action_begin ] --END-- [ RunTime:0.000493s ]
NOTIC: [8192] mysql_connect(): The mysql extension is deprecated and will be removed in the future: use mysqli or PDO instead D:\Applications\soft\service\WWW\ThinkPHP_3.2\ThinkPHP\Library\Think\Db\Driver\Mysql.class.php 第 52 行.
SQL: SHOW COLUMNS FROM `user` [ RunTime:0.004724s ]
SQL: SHOW COLUMNS FROM `user` [ RunTime:0.004577s ]
SQL: SELECT * FROM `user` INNER JOIN user_profile ON user.id = user_profile.id WHERE ( user.nickname=hehe OR user.email=hehe OR user_profile.mobile=hehe )  [ RunTime:0.000482s ]
ERR: 1054:Unknown column 'hehe' in 'where clause'
 [ SQL语句 ] : SELECT * FROM `user` INNER JOIN user_profile ON user.id = user_profile.id WHERE ( user.nickname=hehe OR user.email=hehe OR user_profile.mobile=hehe ) 
SQL: SELECT * FROM `user` WHERE ( user.nickname='hehe' )  [ RunTime:0.000652s ]
INFO: [ app_end ] --START--
INFO: Run Behavior\ShowPageTrace [ RunTime:0.001140s ]
INFO: [ app_end ] --END-- [ RunTime:0.002954s ]

[ 2016-09-12T15:17:20+08:00 ] 127.0.0.1 /ThinkPHP_3.2/index.php/Home/user/login?account=hehe&password=123
INFO: [ app_init ] --START--
INFO: [ app_init ] --END-- [ RunTime:0.000770s ]
INFO: [ path_info ] --START--
INFO: [ path_info ] --END-- [ RunTime:0.001088s ]
INFO: [ app_begin ] --START--
INFO: Run Behavior\ReadHtmlCache [ RunTime:0.001275s ]
INFO: [ app_begin ] --END-- [ RunTime:0.003264s ]
INFO: [ action_begin ] --START--
INFO: [ action_begin ] --END-- [ RunTime:0.000952s ]
NOTIC: [8192] mysql_connect(): The mysql extension is deprecated and will be removed in the future: use mysqli or PDO instead D:\Applications\soft\service\WWW\ThinkPHP_3.2\ThinkPHP\Library\Think\Db\Driver\Mysql.class.php 第 52 行.
SQL: SHOW COLUMNS FROM `user` [ RunTime:0.005906s ]
SQL: SHOW COLUMNS FROM `user` [ RunTime:0.004558s ]
SQL: SELECT * FROM `user` INNER JOIN user_profile ON user.id = user_profile.id WHERE ( user.nickname='hehe' OR user.email=hehe OR user_profile.mobile=hehe )  [ RunTime:0.000479s ]
ERR: 1054:Unknown column 'hehe' in 'where clause'
 [ SQL语句 ] : SELECT * FROM `user` INNER JOIN user_profile ON user.id = user_profile.id WHERE ( user.nickname='hehe' OR user.email=hehe OR user_profile.mobile=hehe ) 
SQL: SELECT * FROM `user` WHERE ( user.nickname=hehe )  [ RunTime:0.000604s ]
ERR: 1054:Unknown column 'hehe' in 'where clause'
 [ SQL语句 ] : SELECT * FROM `user` WHERE ( user.nickname=hehe ) 
INFO: [ app_end ] --START--
INFO: Run Behavior\ShowPageTrace [ RunTime:0.001200s ]
INFO: [ app_end ] --END-- [ RunTime:0.002810s ]

[ 2016-09-12T15:18:00+08:00 ] 127.0.0.1 /ThinkPHP_3.2/index.php/Home/user/login?account=hehe&password=123
INFO: [ app_init ] --START--
INFO: [ app_init ] --END-- [ RunTime:0.000577s ]
INFO: [ path_info ] --START--
INFO: [ path_info ] --END-- [ RunTime:0.000646s ]
INFO: [ app_begin ] --START--
INFO: Run Behavior\ReadHtmlCache [ RunTime:0.002475s ]
INFO: [ app_begin ] --END-- [ RunTime:0.004246s ]
INFO: [ action_begin ] --START--
INFO: [ action_begin ] --END-- [ RunTime:0.000506s ]
NOTIC: [8192] mysql_connect(): The mysql extension is deprecated and will be removed in the future: use mysqli or PDO instead D:\Applications\soft\service\WWW\ThinkPHP_3.2\ThinkPHP\Library\Think\Db\Driver\Mysql.class.php 第 52 行.
SQL: SHOW COLUMNS FROM `user` [ RunTime:0.004299s ]
SQL: SHOW COLUMNS FROM `user` [ RunTime:0.005083s ]
SQL: SELECT * FROM `user` INNER JOIN user_profile ON user.id = user_profile.id WHERE ( user.nickname='hehe' OR user.email='hehe' OR user_profile.mobile='hehe' )  [ RunTime:0.000996s ]
INFO: [ app_end ] --START--
INFO: Run Behavior\ShowPageTrace [ RunTime:0.001329s ]
INFO: [ app_end ] --END-- [ RunTime:0.003013s ]

[ 2016-09-12T15:18:36+08:00 ] 127.0.0.1 /ThinkPHP_3.2/index.php/Home/user/login?account=hehe
INFO: [ app_init ] --START--
INFO: [ app_init ] --END-- [ RunTime:0.000670s ]
INFO: [ path_info ] --START--
INFO: [ path_info ] --END-- [ RunTime:0.000493s ]
INFO: [ app_begin ] --START--
INFO: Run Behavior\ReadHtmlCache [ RunTime:0.000983s ]
INFO: [ app_begin ] --END-- [ RunTime:0.002134s ]
INFO: [ action_begin ] --START--
INFO: [ action_begin ] --END-- [ RunTime:0.000879s ]
NOTIC: [8192] mysql_connect(): The mysql extension is deprecated and will be removed in the future: use mysqli or PDO instead D:\Applications\soft\service\WWW\ThinkPHP_3.2\ThinkPHP\Library\Think\Db\Driver\Mysql.class.php 第 52 行.
SQL: SHOW COLUMNS FROM `user` [ RunTime:0.005116s ]
SQL: SHOW COLUMNS FROM `user` [ RunTime:0.005359s ]
SQL: SELECT * FROM `user` INNER JOIN user_profile ON user.id = user_profile.id WHERE ( user.nickname='hehe' OR user.email='hehe' OR user_profile.mobile='hehe' )  [ RunTime:0.000905s ]
INFO: [ app_end ] --START--
INFO: Run Behavior\ShowPageTrace [ RunTime:0.000886s ]
INFO: [ app_end ] --END-- [ RunTime:0.002000s ]

[ 2016-09-12T15:25:06+08:00 ] 127.0.0.1 /ThinkPHP_3.2/index.php/Home/user/login?account=hehe&password=123
INFO: [ app_init ] --START--
INFO: [ app_init ] --END-- [ RunTime:0.000739s ]
INFO: [ path_info ] --START--
INFO: [ path_info ] --END-- [ RunTime:0.000870s ]
INFO: [ app_begin ] --START--
INFO: Run Behavior\ReadHtmlCache [ RunTime:0.001144s ]
INFO: [ app_begin ] --END-- [ RunTime:0.002292s ]
INFO: [ action_begin ] --START--
INFO: [ action_begin ] --END-- [ RunTime:0.000585s ]
NOTIC: [8192] mysql_connect(): The mysql extension is deprecated and will be removed in the future: use mysqli or PDO instead D:\Applications\soft\service\WWW\ThinkPHP_3.2\ThinkPHP\Library\Think\Db\Driver\Mysql.class.php 第 52 行.
SQL: SHOW COLUMNS FROM `user` [ RunTime:0.003945s ]
SQL: SHOW COLUMNS FROM `user` [ RunTime:0.006037s ]
SQL: SELECT * FROM `user` INNER JOIN user_profile ON user.id = user_profile.id WHERE ( user.nickname='hehe' OR user.email='hehe' OR user_profile.mobile='hehe' )  [ RunTime:0.001014s ]
NOTIC: [8] Undefined index: salt D:\Applications\soft\service\WWW\ThinkPHP_3.2\Application\Home\Controller\UserController.class.php 第 16 行.
INFO: [ app_end ] --START--
INFO: Run Behavior\ShowPageTrace [ RunTime:0.000823s ]
INFO: [ app_end ] --END-- [ RunTime:0.001966s ]

[ 2016-09-12T17:11:17+08:00 ] 127.0.0.1 /ThinkPHP_3.2/index.php/Home/user/login?account=hehe
INFO: [ app_init ] --START--
INFO: [ app_init ] --END-- [ RunTime:0.000755s ]
INFO: [ path_info ] --START--
INFO: [ path_info ] --END-- [ RunTime:0.000611s ]
INFO: [ app_begin ] --START--
INFO: Run Behavior\ReadHtmlCache [ RunTime:0.001050s ]
INFO: [ app_begin ] --END-- [ RunTime:0.002202s ]
INFO: [ action_begin ] --START--
INFO: [ action_begin ] --END-- [ RunTime:0.000509s ]
INFO: [ view_begin ] --START--
INFO: [ view_begin ] --END-- [ RunTime:0.000538s ]
ERR: 模板不存在:./Application/Home/View/user/login.html

[ 2016-09-12T17:11:19+08:00 ] 127.0.0.1 /ThinkPHP_3.2/index.php/Home/user/login?account=18601923117
INFO: [ app_init ] --START--
INFO: [ app_init ] --END-- [ RunTime:0.000864s ]
INFO: [ path_info ] --START--
INFO: [ path_info ] --END-- [ RunTime:0.000539s ]
INFO: [ app_begin ] --START--
INFO: Run Behavior\ReadHtmlCache [ RunTime:0.000976s ]
INFO: [ app_begin ] --END-- [ RunTime:0.002054s ]
INFO: [ action_begin ] --START--
INFO: [ action_begin ] --END-- [ RunTime:0.000770s ]
INFO: [ view_begin ] --START--
INFO: [ view_begin ] --END-- [ RunTime:0.000932s ]
ERR: 模板不存在:./Application/Home/View/user/login.html

[ 2016-09-12T17:11:20+08:00 ] 127.0.0.1 /ThinkPHP_3.2/index.php/Home/user/login
INFO: [ app_init ] --START--
INFO: [ app_init ] --END-- [ RunTime:0.000611s ]
INFO: [ path_info ] --START--
INFO: [ path_info ] --END-- [ RunTime:0.000693s ]
INFO: [ app_begin ] --START--
INFO: Run Behavior\ReadHtmlCache [ RunTime:0.001464s ]
INFO: [ app_begin ] --END-- [ RunTime:0.003022s ]
INFO: [ action_begin ] --START--
INFO: [ action_begin ] --END-- [ RunTime:0.000642s ]
INFO: [ view_begin ] --START--
INFO: [ view_begin ] --END-- [ RunTime:0.000502s ]
ERR: 模板不存在:./Application/Home/View/user/login.html

[ 2016-09-12T17:11:40+08:00 ] 127.0.0.1 /ThinkPHP_3.2/
INFO: [ app_init ] --START--
INFO: [ app_init ] --END-- [ RunTime:0.000582s ]
INFO: [ app_begin ] --START--
INFO: Run Behavior\ReadHtmlCache [ RunTime:0.000980s ]
INFO: [ app_begin ] --END-- [ RunTime:0.002124s ]
INFO: [ action_begin ] --START--
INFO: [ action_begin ] --END-- [ RunTime:0.001037s ]
INFO: [ view_begin ] --START--
INFO: [ view_begin ] --END-- [ RunTime:0.000532s ]
INFO: [ view_parse ] --START--
INFO: Run Behavior\ParseTemplate [ RunTime:0.007821s ]
INFO: [ view_parse ] --END-- [ RunTime:0.008985s ]
INFO: [ view_filter ] --START--
INFO: Run Behavior\WriteHtmlCache [ RunTime:0.000282s ]
INFO: [ view_filter ] --END-- [ RunTime:0.001357s ]
INFO: [ view_end ] --START--
INFO: [ view_end ] --END-- [ RunTime:0.000560s ]
INFO: [ app_end ] --START--
INFO: Run Behavior\ShowPageTrace [ RunTime:0.000829s ]
INFO: [ app_end ] --END-- [ RunTime:0.001918s ]

[ 2016-09-12T17:11:45+08:00 ] 127.0.0.1 /ThinkPHP_3.2/
INFO: [ app_init ] --START--
INFO: [ app_init ] --END-- [ RunTime:0.000592s ]
INFO: [ app_begin ] --START--
INFO: Run Behavior\ReadHtmlCache [ RunTime:0.001006s ]
INFO: [ app_begin ] --END-- [ RunTime:0.002788s ]
INFO: [ action_begin ] --START--
INFO: [ action_begin ] --END-- [ RunTime:0.000503s ]
INFO: [ view_begin ] --START--
INFO: [ view_begin ] --END-- [ RunTime:0.000973s ]
INFO: [ view_parse ] --START--
INFO: Run Behavior\ParseTemplate [ RunTime:0.006171s ]
INFO: [ view_parse ] --END-- [ RunTime:0.008038s ]
INFO: [ view_filter ] --START--
INFO: Run Behavior\WriteHtmlCache [ RunTime:0.000362s ]
INFO: [ view_filter ] --END-- [ RunTime:0.001417s ]
INFO: [ view_end ] --START--
INFO: [ view_end ] --END-- [ RunTime:0.000564s ]
INFO: [ app_end ] --START--
INFO: Run Behavior\ShowPageTrace [ RunTime:0.001126s ]
INFO: [ app_end ] --END-- [ RunTime:0.002595s ]

[ 2016-09-12T17:40:18+08:00 ] 127.0.0.1 /ThinkPHP_3.2/index.php/Home/user/login?account=hehe&password=123
INFO: [ app_init ] --START--
INFO: [ app_init ] --END-- [ RunTime:0.001019s ]
INFO: [ path_info ] --START--
INFO: [ path_info ] --END-- [ RunTime:0.000880s ]
INFO: [ app_begin ] --START--
INFO: Run Behavior\ReadHtmlCache [ RunTime:0.001007s ]
INFO: [ app_begin ] --END-- [ RunTime:0.002078s ]
INFO: [ action_begin ] --START--
INFO: [ action_begin ] --END-- [ RunTime:0.000580s ]
INFO: [ view_begin ] --START--
INFO: [ view_begin ] --END-- [ RunTime:0.000552s ]
ERR: 模板不存在:./Application/Home/View/user/login.html

[ 2016-09-12T17:40:45+08:00 ] 127.0.0.1 /ThinkPHP_3.2/index.php/Home/user/register?account=hehe&password=123
INFO: [ app_init ] --START--
INFO: [ app_init ] --END-- [ RunTime:0.000922s ]
INFO: [ path_info ] --START--
INFO: [ path_info ] --END-- [ RunTime:0.000603s ]
INFO: [ app_begin ] --START--
INFO: Run Behavior\ReadHtmlCache [ RunTime:0.001059s ]
INFO: [ app_begin ] --END-- [ RunTime:0.002131s ]
INFO: [ action_begin ] --START--
INFO: [ action_begin ] --END-- [ RunTime:0.000494s ]
NOTIC: [8] Undefined variable: regist_info D:\Applications\soft\service\WWW\ThinkPHP_3.2\Application\Home\Controller\UserController.class.php 第 43 行.
INFO: [ app_end ] --START--
INFO: Run Behavior\ShowPageTrace [ RunTime:0.000910s ]
INFO: [ app_end ] --END-- [ RunTime:0.002349s ]

[ 2016-09-12T17:42:26+08:00 ] 127.0.0.1 /ThinkPHP_3.2/index.php/Home/user/register?account=hehe&password=123
INFO: [ app_init ] --START--
INFO: [ app_init ] --END-- [ RunTime:0.000765s ]
INFO: [ path_info ] --START--
INFO: [ path_info ] --END-- [ RunTime:0.000547s ]
INFO: [ app_begin ] --START--
INFO: Run Behavior\ReadHtmlCache [ RunTime:0.001037s ]
INFO: [ app_begin ] --END-- [ RunTime:0.002155s ]
INFO: [ action_begin ] --START--
INFO: [ action_begin ] --END-- [ RunTime:0.000526s ]
NOTIC: [8] Undefined variable: regist_info D:\Applications\soft\service\WWW\ThinkPHP_3.2\Application\Home\Controller\UserController.class.php 第 43 行.
INFO: [ app_end ] --START--
INFO: Run Behavior\ShowPageTrace [ RunTime:0.000850s ]
INFO: [ app_end ] --END-- [ RunTime:0.001924s ]

[ 2016-09-12T17:42:27+08:00 ] 127.0.0.1 /ThinkPHP_3.2/index.php/Home/user/register?account=hehe&password=123
INFO: [ app_init ] --START--
INFO: [ app_init ] --END-- [ RunTime:0.001054s ]
INFO: [ path_info ] --START--
INFO: [ path_info ] --END-- [ RunTime:0.000507s ]
INFO: [ app_begin ] --START--
INFO: Run Behavior\ReadHtmlCache [ RunTime:0.001012s ]
INFO: [ app_begin ] --END-- [ RunTime:0.002093s ]
INFO: [ action_begin ] --START--
INFO: [ action_begin ] --END-- [ RunTime:0.000534s ]
NOTIC: [8] Undefined variable: regist_info D:\Applications\soft\service\WWW\ThinkPHP_3.2\Application\Home\Controller\UserController.class.php 第 43 行.
INFO: [ app_end ] --START--
INFO: Run Behavior\ShowPageTrace [ RunTime:0.001735s ]
INFO: [ app_end ] --END-- [ RunTime:0.003519s ]

[ 2016-09-12T17:42:28+08:00 ] 127.0.0.1 /ThinkPHP_3.2/index.php/Home/user/register?account=hehe&password=123
INFO: [ app_init ] --START--
INFO: [ app_init ] --END-- [ RunTime:0.000547s ]
INFO: [ path_info ] --START--
INFO: [ path_info ] --END-- [ RunTime:0.000501s ]
INFO: [ app_begin ] --START--
INFO: Run Behavior\ReadHtmlCache [ RunTime:0.001051s ]
INFO: [ app_begin ] --END-- [ RunTime:0.002172s ]
INFO: [ action_begin ] --START--
INFO: [ action_begin ] --END-- [ RunTime:0.000555s ]
NOTIC: [8] Undefined variable: regist_info D:\Applications\soft\service\WWW\ThinkPHP_3.2\Application\Home\Controller\UserController.class.php 第 43 行.
INFO: [ app_end ] --START--
INFO: Run Behavior\ShowPageTrace [ RunTime:0.001286s ]
INFO: [ app_end ] --END-- [ RunTime:0.002667s ]

[ 2016-09-12T17:43:07+08:00 ] 127.0.0.1 /ThinkPHP_3.2/index.php/Home/user/register?account=hehe&password=123
INFO: [ app_init ] --START--
INFO: [ app_init ] --END-- [ RunTime:0.000801s ]
INFO: [ path_info ] --START--
INFO: [ path_info ] --END-- [ RunTime:0.000553s ]
INFO: [ app_begin ] --START--
INFO: Run Behavior\ReadHtmlCache [ RunTime:0.001049s ]
INFO: [ app_begin ] --END-- [ RunTime:0.002502s ]
INFO: [ action_begin ] --START--
INFO: [ action_begin ] --END-- [ RunTime:0.000875s ]
NOTIC: [8] Undefined variable: regist_info D:\Applications\soft\service\WWW\ThinkPHP_3.2\Application\Home\Controller\UserController.class.php 第 43 行.
INFO: [ app_end ] --START--
INFO: Run Behavior\ShowPageTrace [ RunTime:0.001429s ]
INFO: [ app_end ] --END-- [ RunTime:0.003198s ]

[ 2016-09-12T17:43:08+08:00 ] 127.0.0.1 /ThinkPHP_3.2/index.php/Home/user/register?account=hehe&password=123
INFO: [ app_init ] --START--
INFO: [ app_init ] --END-- [ RunTime:0.000576s ]
INFO: [ path_info ] --START--
INFO: [ path_info ] --END-- [ RunTime:0.000855s ]
INFO: [ app_begin ] --START--
INFO: Run Behavior\ReadHtmlCache [ RunTime:0.001014s ]
INFO: [ app_begin ] --END-- [ RunTime:0.002087s ]
INFO: [ action_begin ] --START--
INFO: [ action_begin ] --END-- [ RunTime:0.000499s ]
NOTIC: [8] Undefined variable: regist_info D:\Applications\soft\service\WWW\ThinkPHP_3.2\Application\Home\Controller\UserController.class.php 第 43 行.
INFO: [ app_end ] --START--
INFO: Run Behavior\ShowPageTrace [ RunTime:0.001209s ]
INFO: [ app_end ] --END-- [ RunTime:0.002901s ]

[ 2016-09-12T17:43:08+08:00 ] 127.0.0.1 /ThinkPHP_3.2/index.php/Home/user/register?account=hehe&password=123
INFO: [ app_init ] --START--
INFO: [ app_init ] --END-- [ RunTime:0.000931s ]
INFO: [ path_info ] --START--
INFO: [ path_info ] --END-- [ RunTime:0.000536s ]
INFO: [ app_begin ] --START--
INFO: Run Behavior\ReadHtmlCache [ RunTime:0.001487s ]
INFO: [ app_begin ] --END-- [ RunTime:0.003382s ]
INFO: [ action_begin ] --START--
INFO: [ action_begin ] --END-- [ RunTime:0.000647s ]
NOTIC: [8] Undefined variable: regist_info D:\Applications\soft\service\WWW\ThinkPHP_3.2\Application\Home\Controller\UserController.class.php 第 43 行.
INFO: [ app_end ] --START--
INFO: Run Behavior\ShowPageTrace [ RunTime:0.000835s ]
INFO: [ app_end ] --END-- [ RunTime:0.002086s ]

[ 2016-09-12T17:43:08+08:00 ] 127.0.0.1 /ThinkPHP_3.2/index.php/Home/user/register?account=hehe&password=123
INFO: [ app_init ] --START--
INFO: [ app_init ] --END-- [ RunTime:0.000570s ]
INFO: [ path_info ] --START--
INFO: [ path_info ] --END-- [ RunTime:0.001158s ]
INFO: [ app_begin ] --START--
INFO: Run Behavior\ReadHtmlCache [ RunTime:0.001048s ]
INFO: [ app_begin ] --END-- [ RunTime:0.002144s ]
INFO: [ action_begin ] --START--
INFO: [ action_begin ] --END-- [ RunTime:0.000490s ]
NOTIC: [8] Undefined variable: regist_info D:\Applications\soft\service\WWW\ThinkPHP_3.2\Application\Home\Controller\UserController.class.php 第 43 行.
INFO: [ app_end ] --START--
INFO: Run Behavior\ShowPageTrace [ RunTime:0.001145s ]
INFO: [ app_end ] --END-- [ RunTime:0.002629s ]

[ 2016-09-12T17:43:08+08:00 ] 127.0.0.1 /ThinkPHP_3.2/index.php/Home/user/register?account=hehe&password=123
INFO: [ app_init ] --START--
INFO: [ app_init ] --END-- [ RunTime:0.000580s ]
INFO: [ path_info ] --START--
INFO: [ path_info ] --END-- [ RunTime:0.000499s ]
INFO: [ app_begin ] --START--
INFO: Run Behavior\ReadHtmlCache [ RunTime:0.001063s ]
INFO: [ app_begin ] --END-- [ RunTime:0.002191s ]
INFO: [ action_begin ] --START--
INFO: [ action_begin ] --END-- [ RunTime:0.000509s ]
NOTIC: [8] Undefined variable: regist_info D:\Applications\soft\service\WWW\ThinkPHP_3.2\Application\Home\Controller\UserController.class.php 第 43 行.
INFO: [ app_end ] --START--
INFO: Run Behavior\ShowPageTrace [ RunTime:0.000851s ]
INFO: [ app_end ] --END-- [ RunTime:0.001933s ]

[ 2016-09-12T17:43:11+08:00 ] 127.0.0.1 /ThinkPHP_3.2/index.php/Home/user/register?account=hehe&password=123
INFO: [ app_init ] --START--
INFO: [ app_init ] --END-- [ RunTime:0.000991s ]
INFO: [ path_info ] --START--
INFO: [ path_info ] --END-- [ RunTime:0.000539s ]
INFO: [ app_begin ] --START--
INFO: Run Behavior\ReadHtmlCache [ RunTime:0.001810s ]
INFO: [ app_begin ] --END-- [ RunTime:0.003324s ]
INFO: [ action_begin ] --START--
INFO: [ action_begin ] --END-- [ RunTime:0.000489s ]
NOTIC: [8] Undefined variable: regist_info D:\Applications\soft\service\WWW\ThinkPHP_3.2\Application\Home\Controller\UserController.class.php 第 43 行.
INFO: [ app_end ] --START--
INFO: Run Behavior\ShowPageTrace [ RunTime:0.000841s ]
INFO: [ app_end ] --END-- [ RunTime:0.001918s ]

[ 2016-09-12T17:43:36+08:00 ] 127.0.0.1 /ThinkPHP_3.2/index.php/Home/user/register?account=hehe&password=123
INFO: [ app_init ] --START--
INFO: [ app_init ] --END-- [ RunTime:0.000666s ]
INFO: [ path_info ] --START--
INFO: [ path_info ] --END-- [ RunTime:0.000574s ]
INFO: [ app_begin ] --START--
INFO: Run Behavior\ReadHtmlCache [ RunTime:0.001007s ]
INFO: [ app_begin ] --END-- [ RunTime:0.002080s ]
INFO: [ action_begin ] --START--
INFO: [ action_begin ] --END-- [ RunTime:0.000746s ]
NOTIC: [8] Undefined variable: regist_info D:\Applications\soft\service\WWW\ThinkPHP_3.2\Application\Home\Controller\UserController.class.php 第 43 行.
INFO: [ app_end ] --START--
INFO: Run Behavior\ShowPageTrace [ RunTime:0.000822s ]
INFO: [ app_end ] --END-- [ RunTime:0.001910s ]

[ 2016-09-12T17:43:37+08:00 ] 127.0.0.1 /ThinkPHP_3.2/index.php/Home/user/register?account=hehe&password=123
INFO: [ app_init ] --START--
INFO: [ app_init ] --END-- [ RunTime:0.000577s ]
INFO: [ path_info ] --START--
INFO: [ path_info ] --END-- [ RunTime:0.000519s ]
INFO: [ app_begin ] --START--
INFO: Run Behavior\ReadHtmlCache [ RunTime:0.001001s ]
INFO: [ app_begin ] --END-- [ RunTime:0.002063s ]
INFO: [ action_begin ] --START--
INFO: [ action_begin ] --END-- [ RunTime:0.000895s ]
NOTIC: [8] Undefined variable: regist_info D:\Applications\soft\service\WWW\ThinkPHP_3.2\Application\Home\Controller\UserController.class.php 第 43 行.
INFO: [ app_end ] --START--
INFO: Run Behavior\ShowPageTrace [ RunTime:0.000882s ]
INFO: [ app_end ] --END-- [ RunTime:0.002556s ]

[ 2016-09-12T17:43:37+08:00 ] 127.0.0.1 /ThinkPHP_3.2/index.php/Home/user/register?account=hehe&password=123
INFO: [ app_init ] --START--
INFO: [ app_init ] --END-- [ RunTime:0.000590s ]
INFO: [ path_info ] --START--
INFO: [ path_info ] --END-- [ RunTime:0.000915s ]
INFO: [ app_begin ] --START--
INFO: Run Behavior\ReadHtmlCache [ RunTime:0.001116s ]
INFO: [ app_begin ] --END-- [ RunTime:0.002453s ]
INFO: [ action_begin ] --START--
INFO: [ action_begin ] --END-- [ RunTime:0.000542s ]
NOTIC: [8] Undefined variable: regist_info D:\Applications\soft\service\WWW\ThinkPHP_3.2\Application\Home\Controller\UserController.class.php 第 43 行.
INFO: [ app_end ] --START--
INFO: Run Behavior\ShowPageTrace [ RunTime:0.001327s ]
INFO: [ app_end ] --END-- [ RunTime:0.002496s ]

[ 2016-09-12T17:43:37+08:00 ] 127.0.0.1 /ThinkPHP_3.2/index.php/Home/user/register?account=hehe&password=123
INFO: [ app_init ] --START--
INFO: [ app_init ] --END-- [ RunTime:0.000610s ]
INFO: [ path_info ] --START--
INFO: [ path_info ] --END-- [ RunTime:0.000538s ]
INFO: [ app_begin ] --START--
INFO: Run Behavior\ReadHtmlCache [ RunTime:0.001602s ]
INFO: [ app_begin ] --END-- [ RunTime:0.003125s ]
INFO: [ action_begin ] --START--
INFO: [ action_begin ] --END-- [ RunTime:0.000628s ]
NOTIC: [8] Undefined variable: regist_info D:\Applications\soft\service\WWW\ThinkPHP_3.2\Application\Home\Controller\UserController.class.php 第 43 行.
INFO: [ app_end ] --START--
INFO: Run Behavior\ShowPageTrace [ RunTime:0.000890s ]
INFO: [ app_end ] --END-- [ RunTime:0.001980s ]

[ 2016-09-12T17:43:37+08:00 ] 127.0.0.1 /ThinkPHP_3.2/index.php/Home/user/register?account=hehe&password=123
INFO: [ app_init ] --START--
INFO: [ app_init ] --END-- [ RunTime:0.000617s ]
INFO: [ path_info ] --START--
INFO: [ path_info ] --END-- [ RunTime:0.000550s ]
INFO: [ app_begin ] --START--
INFO: Run Behavior\ReadHtmlCache [ RunTime:0.001095s ]
INFO: [ app_begin ] --END-- [ RunTime:0.002387s ]
INFO: [ action_begin ] --START--
INFO: [ action_begin ] --END-- [ RunTime:0.000535s ]
NOTIC: [8] Undefined variable: regist_info D:\Applications\soft\service\WWW\ThinkPHP_3.2\Application\Home\Controller\UserController.class.php 第 43 行.
INFO: [ app_end ] --START--
INFO: Run Behavior\ShowPageTrace [ RunTime:0.001576s ]
INFO: [ app_end ] --END-- [ RunTime:0.003176s ]

[ 2016-09-12T17:44:11+08:00 ] 127.0.0.1 /ThinkPHP_3.2/index.php/Home/user/register?account=hehe&password=123
INFO: [ app_init ] --START--
INFO: [ app_init ] --END-- [ RunTime:0.000649s ]
INFO: [ path_info ] --START--
INFO: [ path_info ] --END-- [ RunTime:0.000743s ]
INFO: [ app_begin ] --START--
INFO: Run Behavior\ReadHtmlCache [ RunTime:0.001304s ]
INFO: [ app_begin ] --END-- [ RunTime:0.003062s ]
INFO: [ action_begin ] --START--
INFO: [ action_begin ] --END-- [ RunTime:0.000885s ]

[ 2016-09-12T17:44:13+08:00 ] 127.0.0.1 /ThinkPHP_3.2/index.php/Home/user/register?account=hehe&password=123
INFO: [ app_init ] --START--
INFO: [ app_init ] --END-- [ RunTime:0.000551s ]
INFO: [ path_info ] --START--
INFO: [ path_info ] --END-- [ RunTime:0.000780s ]
INFO: [ app_begin ] --START--
INFO: Run Behavior\ReadHtmlCache [ RunTime:0.000989s ]
INFO: [ app_begin ] --END-- [ RunTime:0.002122s ]
INFO: [ action_begin ] --START--
INFO: [ action_begin ] --END-- [ RunTime:0.000503s ]

[ 2016-09-12T17:44:13+08:00 ] 127.0.0.1 /ThinkPHP_3.2/index.php/Home/user/register?account=hehe&password=123
INFO: [ app_init ] --START--
INFO: [ app_init ] --END-- [ RunTime:0.001499s ]
INFO: [ path_info ] --START--
INFO: [ path_info ] --END-- [ RunTime:0.000502s ]
INFO: [ app_begin ] --START--
INFO: Run Behavior\ReadHtmlCache [ RunTime:0.001717s ]
INFO: [ app_begin ] --END-- [ RunTime:0.003475s ]
INFO: [ action_begin ] --START--
INFO: [ action_begin ] --END-- [ RunTime:0.000691s ]

[ 2016-09-12T17:44:13+08:00 ] 127.0.0.1 /ThinkPHP_3.2/index.php/Home/user/register?account=hehe&password=123
INFO: [ app_init ] --START--
INFO: [ app_init ] --END-- [ RunTime:0.001053s ]
INFO: [ path_info ] --START--
INFO: [ path_info ] --END-- [ RunTime:0.000557s ]
INFO: [ app_begin ] --START--
INFO: Run Behavior\ReadHtmlCache [ RunTime:0.001661s ]
INFO: [ app_begin ] --END-- [ RunTime:0.003179s ]
INFO: [ action_begin ] --START--
INFO: [ action_begin ] --END-- [ RunTime:0.000583s ]

[ 2016-09-12T17:44:23+08:00 ] 127.0.0.1 /ThinkPHP_3.2/index.php/Home/user/register?account=hehe&password=123
INFO: [ app_init ] --START--
INFO: [ app_init ] --END-- [ RunTime:0.000545s ]
INFO: [ path_info ] --START--
INFO: [ path_info ] --END-- [ RunTime:0.000495s ]
INFO: [ app_begin ] --START--
INFO: Run Behavior\ReadHtmlCache [ RunTime:0.001866s ]
INFO: [ app_begin ] --END-- [ RunTime:0.003832s ]
INFO: [ action_begin ] --START--
INFO: [ action_begin ] --END-- [ RunTime:0.000574s ]
NOTIC: [8192] mysql_connect(): The mysql extension is deprecated and will be removed in the future: use mysqli or PDO instead D:\Applications\soft\service\WWW\ThinkPHP_3.2\ThinkPHP\Library\Think\Db\Driver\Mysql.class.php 第 52 行.
SQL: SHOW COLUMNS FROM `user` [ RunTime:0.005183s ]
SQL: SHOW COLUMNS FROM `user` [ RunTime:0.004672s ]
SQL: INSERT INTO `user` (`password`) VALUES ('123') [ RunTime:0.076295s ]
INFO: [ app_end ] --START--
INFO: Run Behavior\ShowPageTrace [ RunTime:0.001196s ]
INFO: [ app_end ] --END-- [ RunTime:0.002902s ]

[ 2016-09-12T17:44:24+08:00 ] 127.0.0.1 /ThinkPHP_3.2/index.php/Home/user/register?account=hehe&password=123
INFO: [ app_init ] --START--
INFO: [ app_init ] --END-- [ RunTime:0.000796s ]
INFO: [ path_info ] --START--
INFO: [ path_info ] --END-- [ RunTime:0.000555s ]
INFO: [ app_begin ] --START--
INFO: Run Behavior\ReadHtmlCache [ RunTime:0.001521s ]
INFO: [ app_begin ] --END-- [ RunTime:0.002925s ]
INFO: [ action_begin ] --START--
INFO: [ action_begin ] --END-- [ RunTime:0.000497s ]
NOTIC: [8192] mysql_connect(): The mysql extension is deprecated and will be removed in the future: use mysqli or PDO instead D:\Applications\soft\service\WWW\ThinkPHP_3.2\ThinkPHP\Library\Think\Db\Driver\Mysql.class.php 第 52 行.
SQL: SHOW COLUMNS FROM `user` [ RunTime:0.032658s ]
SQL: SHOW COLUMNS FROM `user` [ RunTime:0.101151s ]
SQL: INSERT INTO `user` (`password`) VALUES ('123') [ RunTime:0.074457s ]
INFO: [ app_end ] --START--
INFO: Run Behavior\ShowPageTrace [ RunTime:0.001415s ]
INFO: [ app_end ] --END-- [ RunTime:0.003262s ]

[ 2016-09-12T17:44:37+08:00 ] 127.0.0.1 /ThinkPHP_3.2/index.php/Home/user/register?account=hehe&password=123
INFO: [ app_init ] --START--
INFO: [ app_init ] --END-- [ RunTime:0.000704s ]
INFO: [ path_info ] --START--
INFO: [ path_info ] --END-- [ RunTime:0.000518s ]
INFO: [ app_begin ] --START--
INFO: Run Behavior\ReadHtmlCache [ RunTime:0.001400s ]
INFO: [ app_begin ] --END-- [ RunTime:0.003074s ]
INFO: [ action_begin ] --START--
INFO: [ action_begin ] --END-- [ RunTime:0.000500s ]

[ 2016-09-12T17:44:42+08:00 ] 127.0.0.1 /ThinkPHP_3.2/index.php/Home/user/register?account=hehe&password=123
INFO: [ app_init ] --START--
INFO: [ app_init ] --END-- [ RunTime:0.001055s ]
INFO: [ path_info ] --START--
INFO: [ path_info ] --END-- [ RunTime:0.001042s ]
INFO: [ app_begin ] --START--
INFO: Run Behavior\ReadHtmlCache [ RunTime:0.001825s ]
INFO: [ app_begin ] --END-- [ RunTime:0.003421s ]
INFO: [ action_begin ] --START--
INFO: [ action_begin ] --END-- [ RunTime:0.000791s ]

[ 2016-09-12T17:44:47+08:00 ] 127.0.0.1 /ThinkPHP_3.2/index.php/Home/user/register?account=hehe&password=123
INFO: [ app_init ] --START--
INFO: [ app_init ] --END-- [ RunTime:0.000748s ]
INFO: [ path_info ] --START--
INFO: [ path_info ] --END-- [ RunTime:0.000643s ]
INFO: [ app_begin ] --START--
INFO: Run Behavior\ReadHtmlCache [ RunTime:0.001186s ]
INFO: [ app_begin ] --END-- [ RunTime:0.002887s ]
INFO: [ action_begin ] --START--
INFO: [ action_begin ] --END-- [ RunTime:0.000549s ]

[ 2016-09-12T17:46:01+08:00 ] 127.0.0.1 /ThinkPHP_3.2/index.php/Home/user/register?account=hehe&password=123
INFO: [ app_init ] --START--
INFO: [ app_init ] --END-- [ RunTime:0.000707s ]
INFO: [ path_info ] --START--
INFO: [ path_info ] --END-- [ RunTime:0.000572s ]
INFO: [ app_begin ] --START--
INFO: Run Behavior\ReadHtmlCache [ RunTime:0.001053s ]
INFO: [ app_begin ] --END-- [ RunTime:0.002137s ]
INFO: [ action_begin ] --START--
INFO: [ action_begin ] --END-- [ RunTime:0.000499s ]

[ 2016-09-12T17:46:01+08:00 ] 127.0.0.1 /ThinkPHP_3.2/index.php/Home/user/register?account=hehe&password=123
INFO: [ app_init ] --START--
INFO: [ app_init ] --END-- [ RunTime:0.001232s ]
INFO: [ path_info ] --START--
INFO: [ path_info ] --END-- [ RunTime:0.000530s ]
INFO: [ app_begin ] --START--
INFO: Run Behavior\ReadHtmlCache [ RunTime:0.001027s ]
INFO: [ app_begin ] --END-- [ RunTime:0.002086s ]
INFO: [ action_begin ] --START--
INFO: [ action_begin ] --END-- [ RunTime:0.000559s ]

[ 2016-09-12T17:46:01+08:00 ] 127.0.0.1 /ThinkPHP_3.2/index.php/Home/user/register?account=hehe&password=123
INFO: [ app_init ] --START--
INFO: [ app_init ] --END-- [ RunTime:0.000661s ]
INFO: [ path_info ] --START--
INFO: [ path_info ] --END-- [ RunTime:0.000528s ]
INFO: [ app_begin ] --START--
INFO: Run Behavior\ReadHtmlCache [ RunTime:0.001042s ]
INFO: [ app_begin ] --END-- [ RunTime:0.002221s ]
INFO: [ action_begin ] --START--
INFO: [ action_begin ] --END-- [ RunTime:0.000925s ]

[ 2016-09-12T17:46:37+08:00 ] 127.0.0.1 /ThinkPHP_3.2/index.php/Home/user/register?account=hehe&password=123&email=1231232@11
INFO: [ app_init ] --START--
INFO: [ app_init ] --END-- [ RunTime:0.000621s ]
INFO: [ path_info ] --START--
INFO: [ path_info ] --END-- [ RunTime:0.000513s ]
INFO: [ app_begin ] --START--
INFO: Run Behavior\ReadHtmlCache [ RunTime:0.001842s ]
INFO: [ app_begin ] --END-- [ RunTime:0.003495s ]
INFO: [ action_begin ] --START--
INFO: [ action_begin ] --END-- [ RunTime:0.000535s ]

[ 2016-09-12T17:48:09+08:00 ] 127.0.0.1 /ThinkPHP_3.2/index.php/Home/user/register?account=hehe&password=123&email=1231232@11
INFO: [ app_init ] --START--
INFO: [ app_init ] --END-- [ RunTime:0.000643s ]
INFO: [ path_info ] --START--
INFO: [ path_info ] --END-- [ RunTime:0.000535s ]
INFO: [ app_begin ] --START--
INFO: Run Behavior\ReadHtmlCache [ RunTime:0.001029s ]
INFO: [ app_begin ] --END-- [ RunTime:0.002134s ]
INFO: [ action_begin ] --START--
INFO: [ action_begin ] --END-- [ RunTime:0.000534s ]

[ 2016-09-12T21:07:56+08:00 ] 127.0.0.1 /ThinkPHP_3.2/index.php/Home/user/register?account=hehe&password=123
INFO: [ app_init ] --START--
INFO: [ app_init ] --END-- [ RunTime:0.002580s ]
INFO: [ path_info ] --START--
INFO: [ path_info ] --END-- [ RunTime:0.001984s ]
INFO: [ app_begin ] --START--
INFO: Run Behavior\ReadHtmlCache [ RunTime:0.003934s ]
INFO: [ app_begin ] --END-- [ RunTime:0.007691s ]
INFO: [ action_begin ] --START--
INFO: [ action_begin ] --END-- [ RunTime:0.002065s ]

[ 2016-09-12T21:08:07+08:00 ] 127.0.0.1 /ThinkPHP_3.2/index.php/Home/user/register?account=hehe&password=123
INFO: [ app_init ] --START--
INFO: [ app_init ] --END-- [ RunTime:0.001608s ]
INFO: [ path_info ] --START--
INFO: [ path_info ] --END-- [ RunTime:0.001026s ]
INFO: [ app_begin ] --START--
INFO: Run Behavior\ReadHtmlCache [ RunTime:0.001739s ]
INFO: [ app_begin ] --END-- [ RunTime:0.003576s ]
INFO: [ action_begin ] --START--
INFO: [ action_begin ] --END-- [ RunTime:0.000849s ]

[ 2016-09-12T21:08:27+08:00 ] 127.0.0.1 /ThinkPHP_3.2/index.php/Home/user/register?account=hehe&password=123
INFO: [ app_init ] --START--
INFO: [ app_init ] --END-- [ RunTime:0.000600s ]
INFO: [ path_info ] --START--
INFO: [ path_info ] --END-- [ RunTime:0.000539s ]
INFO: [ app_begin ] --START--
INFO: Run Behavior\ReadHtmlCache [ RunTime:0.001072s ]
INFO: [ app_begin ] --END-- [ RunTime:0.002178s ]
INFO: [ action_begin ] --START--
INFO: [ action_begin ] --END-- [ RunTime:0.000510s ]

[ 2016-09-12T21:08:28+08:00 ] 127.0.0.1 /ThinkPHP_3.2/index.php/Home/user/register?account=hehe&password=123
INFO: [ app_init ] --START--
INFO: [ app_init ] --END-- [ RunTime:0.000702s ]
INFO: [ path_info ] --START--
INFO: [ path_info ] --END-- [ RunTime:0.000640s ]
INFO: [ app_begin ] --START--
INFO: Run Behavior\ReadHtmlCache [ RunTime:0.001226s ]
INFO: [ app_begin ] --END-- [ RunTime:0.002491s ]
INFO: [ action_begin ] --START--
INFO: [ action_begin ] --END-- [ RunTime:0.000536s ]

[ 2016-09-12T21:09:10+08:00 ] 127.0.0.1 /ThinkPHP_3.2/index.php/Home/user/register?account=hehe&password=123
INFO: [ app_init ] --START--
INFO: [ app_init ] --END-- [ RunTime:0.000647s ]
INFO: [ path_info ] --START--
INFO: [ path_info ] --END-- [ RunTime:0.000517s ]
INFO: [ app_begin ] --START--
INFO: Run Behavior\ReadHtmlCache [ RunTime:0.001316s ]
INFO: [ app_begin ] --END-- [ RunTime:0.002995s ]
INFO: [ action_begin ] --START--
INFO: [ action_begin ] --END-- [ RunTime:0.000507s ]

[ 2016-09-12T21:16:17+08:00 ] 127.0.0.1 /ThinkPHP_3.2/index.php/Home/user/register?account=hehe&password=123
INFO: [ app_init ] --START--
INFO: [ app_init ] --END-- [ RunTime:0.002517s ]
INFO: [ path_info ] --START--
INFO: [ path_info ] --END-- [ RunTime:0.001128s ]
INFO: [ app_begin ] --START--
INFO: Run Behavior\ReadHtmlCache [ RunTime:0.002510s ]
INFO: [ app_begin ] --END-- [ RunTime:0.007783s ]
INFO: [ action_begin ] --START--
INFO: [ action_begin ] --END-- [ RunTime:0.000847s ]

[ 2016-09-12T21:24:28+08:00 ] 127.0.0.1 /ThinkPHP_3.2/index.php/Home/user/register?account=hehe&password=123
INFO: [ app_init ] --START--
INFO: [ app_init ] --END-- [ RunTime:0.000654s ]
INFO: [ path_info ] --START--
INFO: [ path_info ] --END-- [ RunTime:0.000988s ]
INFO: [ app_begin ] --START--
INFO: Run Behavior\ReadHtmlCache [ RunTime:0.001044s ]
INFO: [ app_begin ] --END-- [ RunTime:0.002132s ]
INFO: [ action_begin ] --START--
INFO: [ action_begin ] --END-- [ RunTime:0.000538s ]

[ 2016-09-12T21:25:28+08:00 ] 127.0.0.1 /ThinkPHP_3.2/index.php/Home/user/register?account=hehe&password=123
INFO: [ app_init ] --START--
INFO: [ app_init ] --END-- [ RunTime:0.000610s ]
INFO: [ path_info ] --START--
INFO: [ path_info ] --END-- [ RunTime:0.000594s ]
INFO: [ app_begin ] --START--
INFO: Run Behavior\ReadHtmlCache [ RunTime:0.001387s ]
INFO: [ app_begin ] --END-- [ RunTime:0.002604s ]
INFO: [ action_begin ] --START--
INFO: [ action_begin ] --END-- [ RunTime:0.000533s ]

[ 2016-09-12T21:25:29+08:00 ] 127.0.0.1 /ThinkPHP_3.2/index.php/Home/user/register?account=hehe&password=123
INFO: [ app_init ] --START--
INFO: [ app_init ] --END-- [ RunTime:0.001034s ]
INFO: [ path_info ] --START--
INFO: [ path_info ] --END-- [ RunTime:0.000559s ]
INFO: [ app_begin ] --START--
INFO: Run Behavior\ReadHtmlCache [ RunTime:0.001154s ]
INFO: [ app_begin ] --END-- [ RunTime:0.002484s ]
INFO: [ action_begin ] --START--
INFO: [ action_begin ] --END-- [ RunTime:0.000503s ]

[ 2016-09-12T21:25:29+08:00 ] 127.0.0.1 /ThinkPHP_3.2/index.php/Home/user/register?account=hehe&password=123
INFO: [ app_init ] --START--
INFO: [ app_init ] --END-- [ RunTime:0.000546s ]
INFO: [ path_info ] --START--
INFO: [ path_info ] --END-- [ RunTime:0.000546s ]
INFO: [ app_begin ] --START--
INFO: Run Behavior\ReadHtmlCache [ RunTime:0.001080s ]
INFO: [ app_begin ] --END-- [ RunTime:0.002294s ]
INFO: [ action_begin ] --START--
INFO: [ action_begin ] --END-- [ RunTime:0.000558s ]

[ 2016-09-12T21:25:50+08:00 ] 127.0.0.1 /ThinkPHP_3.2/index.php/Home/user/register?account=hehe&password=123
INFO: [ app_init ] --START--
INFO: [ app_init ] --END-- [ RunTime:0.000541s ]
INFO: [ path_info ] --START--
INFO: [ path_info ] --END-- [ RunTime:0.000653s ]
INFO: [ app_begin ] --START--
INFO: Run Behavior\ReadHtmlCache [ RunTime:0.001058s ]
INFO: [ app_begin ] --END-- [ RunTime:0.002134s ]
INFO: [ action_begin ] --START--
INFO: [ action_begin ] --END-- [ RunTime:0.000567s ]
NOTIC: [8] Undefined index: create_time D:\Applications\soft\service\WWW\ThinkPHP_3.2\Application\Home\Controller\UserController.class.php 第 47 行.

[ 2016-09-12T21:30:33+08:00 ] 127.0.0.1 /ThinkPHP_3.2/index.php/Home/user/register?account=hehe&password=123
INFO: [ app_init ] --START--
INFO: [ app_init ] --END-- [ RunTime:0.001946s ]
INFO: [ path_info ] --START--
INFO: [ path_info ] --END-- [ RunTime:0.001896s ]
INFO: [ app_begin ] --START--
INFO: Run Behavior\ReadHtmlCache [ RunTime:0.005448s ]
INFO: [ app_begin ] --END-- [ RunTime:0.013814s ]
INFO: [ action_begin ] --START--
INFO: [ action_begin ] --END-- [ RunTime:0.001780s ]
NOTIC: [8] Undefined index: create_time D:\Applications\soft\service\WWW\ThinkPHP_3.2\Application\Home\Controller\UserController.class.php 第 47 行.

[ 2016-09-12T21:30:53+08:00 ] 127.0.0.1 /ThinkPHP_3.2/index.php/Home/user/register?account=hehe&password=123&email=123123
INFO: [ app_init ] --START--
INFO: [ app_init ] --END-- [ RunTime:0.000666s ]
INFO: [ path_info ] --START--
INFO: [ path_info ] --END-- [ RunTime:0.000541s ]
INFO: [ app_begin ] --START--
INFO: Run Behavior\ReadHtmlCache [ RunTime:0.001015s ]
INFO: [ app_begin ] --END-- [ RunTime:0.002110s ]
INFO: [ action_begin ] --START--
INFO: [ action_begin ] --END-- [ RunTime:0.000534s ]
NOTIC: [8] Undefined index: create_time D:\Applications\soft\service\WWW\ThinkPHP_3.2\Application\Home\Controller\UserController.class.php 第 47 行.

[ 2016-09-12T21:32:24+08:00 ] 127.0.0.1 /ThinkPHP_3.2/index.php/Home/user/register?account=hehe&password=123&email=123123
INFO: [ app_init ] --START--
INFO: [ app_init ] --END-- [ RunTime:0.003256s ]
INFO: [ path_info ] --START--
INFO: [ path_info ] --END-- [ RunTime:0.001832s ]
INFO: [ app_begin ] --START--
INFO: Run Behavior\ReadHtmlCache [ RunTime:0.008066s ]
INFO: [ app_begin ] --END-- [ RunTime:0.013485s ]
INFO: [ action_begin ] --START--
INFO: [ action_begin ] --END-- [ RunTime:0.002779s ]
NOTIC: [8] Undefined index: create_time D:\Applications\soft\service\WWW\ThinkPHP_3.2\Application\Home\Controller\UserController.class.php 第 47 行.
NOTIC: [8192] mysql_connect(): The mysql extension is deprecated and will be removed in the future: use mysqli or PDO instead D:\Applications\soft\service\WWW\ThinkPHP_3.2\ThinkPHP\Library\Think\Db\Driver\Mysql.class.php 第 52 行.
SQL: SHOW COLUMNS FROM `user` [ RunTime:0.005355s ]
SQL: SHOW COLUMNS FROM `user` [ RunTime:0.004356s ]
SQL: INSERT INTO `user` () VALUES () [ RunTime:0.072982s ]
INFO: [ app_end ] --START--
INFO: Run Behavior\ShowPageTrace [ RunTime:0.002405s ]
INFO: [ app_end ] --END-- [ RunTime:0.005810s ]

[ 2016-09-12T21:32:26+08:00 ] 127.0.0.1 /ThinkPHP_3.2/index.php/Home/user/register?account=hehe&password=123&email=123123
INFO: [ app_init ] --START--
INFO: [ app_init ] --END-- [ RunTime:0.000614s ]
INFO: [ path_info ] --START--
INFO: [ path_info ] --END-- [ RunTime:0.000494s ]
INFO: [ app_begin ] --START--
INFO: Run Behavior\ReadHtmlCache [ RunTime:0.001060s ]
INFO: [ app_begin ] --END-- [ RunTime:0.002153s ]
INFO: [ action_begin ] --START--
INFO: [ action_begin ] --END-- [ RunTime:0.000818s ]
NOTIC: [8] Undefined index: create_time D:\Applications\soft\service\WWW\ThinkPHP_3.2\Application\Home\Controller\UserController.class.php 第 47 行.
NOTIC: [8192] mysql_connect(): The mysql extension is deprecated and will be removed in the future: use mysqli or PDO instead D:\Applications\soft\service\WWW\ThinkPHP_3.2\ThinkPHP\Library\Think\Db\Driver\Mysql.class.php 第 52 行.
SQL: SHOW COLUMNS FROM `user` [ RunTime:0.004652s ]
SQL: SHOW COLUMNS FROM `user` [ RunTime:0.004383s ]
SQL: INSERT INTO `user` () VALUES () [ RunTime:0.100893s ]
INFO: [ app_end ] --START--
INFO: Run Behavior\ShowPageTrace [ RunTime:0.000881s ]
INFO: [ app_end ] --END-- [ RunTime:0.001978s ]

[ 2016-09-12T21:32:28+08:00 ] 127.0.0.1 /ThinkPHP_3.2/index.php/Home/user/register?account=hehe&password=123
INFO: [ app_init ] --START--
INFO: [ app_init ] --END-- [ RunTime:0.001079s ]
INFO: [ path_info ] --START--
INFO: [ path_info ] --END-- [ RunTime:0.000985s ]
INFO: [ app_begin ] --START--
INFO: Run Behavior\ReadHtmlCache [ RunTime:0.001995s ]
INFO: [ app_begin ] --END-- [ RunTime:0.003823s ]
INFO: [ action_begin ] --START--
INFO: [ action_begin ] --END-- [ RunTime:0.000989s ]
NOTIC: [8] Undefined index: create_time D:\Applications\soft\service\WWW\ThinkPHP_3.2\Application\Home\Controller\UserController.class.php 第 47 行.
NOTIC: [8192] mysql_connect(): The mysql extension is deprecated and will be removed in the future: use mysqli or PDO instead D:\Applications\soft\service\WWW\ThinkPHP_3.2\ThinkPHP\Library\Think\Db\Driver\Mysql.class.php 第 52 行.
SQL: SHOW COLUMNS FROM `user` [ RunTime:0.054814s ]
SQL: SHOW COLUMNS FROM `user` [ RunTime:0.047512s ]
SQL: INSERT INTO `user` () VALUES () [ RunTime:0.034032s ]
INFO: [ app_end ] --START--
INFO: Run Behavior\ShowPageTrace [ RunTime:0.001531s ]
INFO: [ app_end ] --END-- [ RunTime:0.003711s ]

[ 2016-09-12T21:32:29+08:00 ] 127.0.0.1 /ThinkPHP_3.2/index.php/Home/user/register?account=hehe&password=123
INFO: [ app_init ] --START--
INFO: [ app_init ] --END-- [ RunTime:0.000595s ]
INFO: [ path_info ] --START--
INFO: [ path_info ] --END-- [ RunTime:0.000535s ]
INFO: [ app_begin ] --START--
INFO: Run Behavior\ReadHtmlCache [ RunTime:0.001081s ]
INFO: [ app_begin ] --END-- [ RunTime:0.002204s ]
INFO: [ action_begin ] --START--
INFO: [ action_begin ] --END-- [ RunTime:0.000815s ]
NOTIC: [8] Undefined index: create_time D:\Applications\soft\service\WWW\ThinkPHP_3.2\Application\Home\Controller\UserController.class.php 第 47 行.
NOTIC: [8192] mysql_connect(): The mysql extension is deprecated and will be removed in the future: use mysqli or PDO instead D:\Applications\soft\service\WWW\ThinkPHP_3.2\ThinkPHP\Library\Think\Db\Driver\Mysql.class.php 第 52 行.
SQL: SHOW COLUMNS FROM `user` [ RunTime:0.004196s ]
SQL: SHOW COLUMNS FROM `user` [ RunTime:0.004836s ]
SQL: INSERT INTO `user` () VALUES () [ RunTime:0.044003s ]
INFO: [ app_end ] --START--
INFO: Run Behavior\ShowPageTrace [ RunTime:0.000973s ]
INFO: [ app_end ] --END-- [ RunTime:0.002498s ]

[ 2016-09-12T21:36:53+08:00 ] 127.0.0.1 /ThinkPHP_3.2/index.php/Home/user/register?account=hehe&password=123
INFO: [ app_init ] --START--
INFO: [ app_init ] --END-- [ RunTime:0.001476s ]
INFO: [ path_info ] --START--
INFO: [ path_info ] --END-- [ RunTime:0.003416s ]
INFO: [ app_begin ] --START--
INFO: Run Behavior\ReadHtmlCache [ RunTime:0.002623s ]
INFO: [ app_begin ] --END-- [ RunTime:0.006312s ]
INFO: [ action_begin ] --START--
INFO: [ action_begin ] --END-- [ RunTime:0.001547s ]
NOTIC: [8] Undefined index: create_time D:\Applications\soft\service\WWW\ThinkPHP_3.2\Application\Home\Controller\UserController.class.php 第 52 行.
NOTIC: [8192] mysql_connect(): The mysql extension is deprecated and will be removed in the future: use mysqli or PDO instead D:\Applications\soft\service\WWW\ThinkPHP_3.2\ThinkPHP\Library\Think\Db\Driver\Mysql.class.php 第 52 行.
SQL: SHOW COLUMNS FROM `user` [ RunTime:0.011500s ]
SQL: SHOW COLUMNS FROM `user` [ RunTime:0.009103s ]
SQL: INSERT INTO `user` () VALUES () [ RunTime:0.124165s ]
INFO: [ app_end ] --START--
INFO: Run Behavior\ShowPageTrace [ RunTime:0.001255s ]
INFO: [ app_end ] --END-- [ RunTime:0.002906s ]

[ 2016-09-12T21:36:55+08:00 ] 127.0.0.1 /ThinkPHP_3.2/index.php/Home/user/register?account=hehe&password=123
INFO: [ app_init ] --START--
INFO: [ app_init ] --END-- [ RunTime:0.000551s ]
INFO: [ path_info ] --START--
INFO: [ path_info ] --END-- [ RunTime:0.000587s ]
INFO: [ app_begin ] --START--
INFO: Run Behavior\ReadHtmlCache [ RunTime:0.001063s ]
INFO: [ app_begin ] --END-- [ RunTime:0.002207s ]
INFO: [ action_begin ] --START--
INFO: [ action_begin ] --END-- [ RunTime:0.000527s ]
NOTIC: [8] Undefined index: create_time D:\Applications\soft\service\WWW\ThinkPHP_3.2\Application\Home\Controller\UserController.class.php 第 52 行.
NOTIC: [8192] mysql_connect(): The mysql extension is deprecated and will be removed in the future: use mysqli or PDO instead D:\Applications\soft\service\WWW\ThinkPHP_3.2\ThinkPHP\Library\Think\Db\Driver\Mysql.class.php 第 52 行.
SQL: SHOW COLUMNS FROM `user` [ RunTime:0.005717s ]
SQL: SHOW COLUMNS FROM `user` [ RunTime:0.005888s ]
SQL: INSERT INTO `user` () VALUES () [ RunTime:0.061405s ]
INFO: [ app_end ] --START--
INFO: Run Behavior\ShowPageTrace [ RunTime:0.001070s ]
INFO: [ app_end ] --END-- [ RunTime:0.002361s ]

[ 2016-09-12T21:37:02+08:00 ] 127.0.0.1 /ThinkPHP_3.2/index.php/Home/user/register?account=hehe&password=123
INFO: [ app_init ] --START--
INFO: [ app_init ] --END-- [ RunTime:0.000599s ]
INFO: [ path_info ] --START--
INFO: [ path_info ] --END-- [ RunTime:0.001129s ]
INFO: [ app_begin ] --START--
INFO: Run Behavior\ReadHtmlCache [ RunTime:0.000976s ]
INFO: [ app_begin ] --END-- [ RunTime:0.002070s ]
INFO: [ action_begin ] --START--
INFO: [ action_begin ] --END-- [ RunTime:0.000490s ]
NOTIC: [8] Undefined index: create_time D:\Applications\soft\service\WWW\ThinkPHP_3.2\Application\Home\Controller\UserController.class.php 第 52 行.
NOTIC: [8192] mysql_connect(): The mysql extension is deprecated and will be removed in the future: use mysqli or PDO instead D:\Applications\soft\service\WWW\ThinkPHP_3.2\ThinkPHP\Library\Think\Db\Driver\Mysql.class.php 第 52 行.
SQL: SHOW COLUMNS FROM `user` [ RunTime:0.005570s ]
SQL: SHOW COLUMNS FROM `user` [ RunTime:0.004499s ]
SQL: INSERT INTO `user` () VALUES () [ RunTime:0.071653s ]
INFO: [ app_end ] --START--
INFO: Run Behavior\ShowPageTrace [ RunTime:0.001338s ]
INFO: [ app_end ] --END-- [ RunTime:0.003279s ]

